
>>>>SecStartup


----------------
(null)//t:\edk2020-minnowboard20210624_23\CdePkg\CdeWelcome\main.c(78): INTRODUCTION: "CDETRACE" macro. ->
 Parameters are typechecked at build time by compilers from GNU, MICROSOFT and others during 2015 to 2021 
Printing 256 bytes of initilaized memory in a "dump"-format:
0000: 00 01 02 03 04 05 06 07 - 08 09 0A 0B 0C 0D 0E 0F
0010: 10 11 12 13 14 15 16 17 - 18 19 1A 1B 1C 1D 1E 1F
0020: 20 21 22 23 24 25 26 27 - 28 29 2A 2B 2C 2D 2E 2F
0030: 30 31 32 33 34 35 36 37 - 38 39 3A 3B 3C 3D 3E 3F
0040: 40 41 42 43 44 45 46 47 - 48 49 4A 4B 4C 4D 4E 4F
0050: 50 51 52 53 54 55 56 57 - 58 59 5A 5B 5C 5D 5E 5F
0060: 60 61 62 63 64 65 66 67 - 68 69 6A 6B 6C 6D 6E 6F
0070: 70 71 72 73 74 75 76 77 - 78 79 7A 7B 7C 7D 7E 7F
0080: 80 81 82 83 84 85 86 87 - 88 89 8A 8B 8C 8D 8E 8F
0090: 90 91 92 93 94 95 96 97 - 98 99 9A 9B 9C 9D 9E 9F
00A0: A0 A1 A2 A3 A4 A5 A6 A7 - A8 A9 AA AB AC AD AE AF
00B0: B0 B1 B2 B3 B4 B5 B6 B7 - B8 B9 BA BB BC BD BE BF
00C0: C0 C1 C2 C3 C4 C5 C6 C7 - C8 C9 CA CB CC CD CE CF
00D0: D0 D1 D2 D3 D4 D5 D6 D7 - D8 D9 DA DB DC DD DE DF
00E0: E0 E1 E2 E3 E4 E5 E6 E7 - E8 E9 EA EB EC ED EE EF
00F0: F0 F1 F2 F3 F4 F5 F6 F7 - F8 F9 FA FB FC FD FE FF
3s...      2s...      1s...      0s...                 

Mono Status Code PEIM Loaded
Install PPI: 1F4C6F90-B06B-48D8-A201-BAE5F1CD7D56
Install PPI: AB294A92-EAF5-4CF3-AB2B-2D4BED4DB63D
Register PPI Notify: F894643D-C449-42D1-8EA8-85BDD8C65BDE
GGC: 0x00000210 GMSsize:0x00000002
DetermineTurbotBoard() Entry
MmioConf0[0xFED0E200], MmioPadval[0xFED0E208]
Gpio_S5_4 value is 0x3
I'm MinnowBoard Turbot!
CheckCfioPnpSettings: CFIO Pnp Settings Disabled
Setting BootMode to BOOT_WITH_FULL_CONFIGURATION
Setup MMIO size ... 

Install PPI: E767BF7F-4DB6-5B34-1011-4FBE4CA7AFD2
PROGRESS CODE: V3020003 I0
Loading PEIM E4CEDF93-672A-4782-A7FD-5FC6D239377D
Loading PEIM at 0x000FFF86CA0 EntryPoint=0x000FFF86FBD SeCUma.efi
PROGRESS CODE: V3020002 I0
Install PPI: CBD86677-362F-4C04-9459-A741326E05CF
Info: SeC PPI load sucessfully
PROGRESS CODE: V3020003 I0
Loading PEIM C779F6D8-7113-4AA1-9648-EB1633C7D53B
Loading PEIM at 0x000FFF88A20 EntryPoint=0x000FFF88E1C CapsulePei.efi
PROGRESS CODE: V3020002 I0
Install PPI: 3ACF33EE-D892-40F4-A2FC-3854D2E1323D
PROGRESS CODE: V3020003 I0
Loading PEIM D9F5B28C-9FF1-47D6-B503-3DC23BD345FF
Loading PEIM at 0x000FFF8E9A0 EntryPoint=0x000FFF8EBE0 PchEarlyInitPeim.efi
PROGRESS CODE: V3020002 I0
PROGRESS CODE: V3020003 I0
Loading PEIM D4EE25EA-0B48-43AE-A016-4D6E8B6C43B3
Loading PEIM at 0x000FFF92520 EntryPoint=0x000FFF92840 MemoryInit.efi
PROGRESS CODE: V3020002 I0
Reg_EFF_DualCH_EN = 0x100301C0.
Buffer size brefore add 165B, after adjust 1668.
MRC Parameters not valid. status is 8000000E
Set MRC paramaters for MinnowBoard Max. 
MmioConf0[0xFED0E220], MmioPadval[0xFED0E228]
Gpio_S5_5 value is 0x3
Determine the memory size is [2GB]
DRAM_Speed is 1066MHz!
DRAM_Speed is type 1, EccEnabled = 0
tCL = 7
tRP_tRCD = 7
tWR = 8
tWTR = 5
tRRD = 6
tRTP = 4
tFAW = 28
PROGRESS CODE: V51001 I0
POSTCODE=<0024>
MRC getting memory size from SeC ...
SeC Device ID: F18
Error: SeC exclusion error 
Error: No HECI command send 
MRC SeCUmaSize memory size from SeC ... 0 
MRC getting fTPM memory size from SeC ...
MRC SeCfTPMUmaSize memory size from SeC ... 0 
PROGRESS CODE: V51002 I0
POSTCODE=<0025>
PROGRESS CODE: V51003 I0
POSTCODE=<0027>
Configuring Memory...
CheckMicrocodeRevision  = 00000909, CpuId = 00030679
####: ConfigureMemory() Entry
Current function  is McEnableHPET
 Current function  is ClearSelfRefresh
 Current function  is OemTrackInitComplete
 Current function  is ProgSFRVolSel
 Current function  is ProgDdrTimingControl
 Current function  is ProgBunit
 Current function  is ProgMpllSetup
 Current function  is ProgStaticDdrSetup
 Current function  is ProgStaticInitPerf
 Current function  is ProgStaticPwrClkGating
 Current function  is DUnitBlMode
 Current function  is ControlDDR3Reset
 Current function  is EnableVreg
 Current function  is ProgHmc
 Current function  is ProgReadWriteFifoPtr
 Current function  is ProgComp
 Current function  is SetIOBUFACT
 Current function  is ProgDdecodeBeforeJedec
 Current function  is PerformDDR3Reset
 Current function  is PreJedecInit
 Current function  is PerformJedecInit
 Current function  is SetDDRInitializationComplete
 Current function  is PerformJedecInit
 Current function  is DisableRank2RankSwitching
 Current function  is MMRC_RcvnTrain
 Current function  is MMRC_WrLvlFineTrain
 Current function  is MMRC_WrLvlCoarseTrain
 Current function  is MMRC_RdVrefTrain
 Current function  is MMRC_RdTrain
 Current function  is MMRC_WrTrain
 Current function  is MMRC_PerformanceSetting
 Current function  is MMRC_PowerGatingSetting
 Current function  is MMRC_SearchRmt
 START_RMT: 
                   	 RxDqLeft RxDqRight RxVLow RxVHigh TxDqLeft TxDqRight CmdLeft CmdRight
------------------------------------------------------------------------------------------------
Channel 0 Rank 0 	 -22       23       -22     18     -27       27          0       0
STOP_RMT: 
CMD module is per channel only and without Rank differentiation
Current function  is ProgDraDrb
 Current function  is ProgMemoryMappingRegisters
 Current function  is ProgDdrControl
 Current function  is SetScrambler
 Current function  is ChangeSelfRefreshSetting
 Current function  is SetInitDone
 Current function  is McDisableHPET
 Current function  is FillOutputStructure
 MRC INIT DONE
PlatformInfo MemData content.
MemConfigSize = 0x0000165B
DdrFreq = 0x00000001
DdrType = 0x00000001
EccSupport = 0x00000000
MemSize = 0x00000800
MRC allocating memory for SeC ...
SeC Device ID: F18
Entered SeC DRAM Init Done procedure.
Install EFI Memory.
Fail to Get MemoryOverwriteRequestControl Variable
SmramHobDescriptorBlock->Descriptor[1].PhysicalStart = 7B001000
SmramHobDescriptorBlock->Descriptor[1].CpuStart = 7B001000
PeiInstallPeiMemory MemoryBegin 0x71000000, MemoryLength 0xA000000
Save MRC params.
PROGRESS CODE: V30F100B I0
MemoryInit Installed.
>>>>MemoryInit Done
PROGRESS CODE: V3020003 I0
Temp Stack : BaseAddress=0xFEF8C400 Length=0x3C00
Temp Heap  : BaseAddress=0xFEF80000 Length=0xC400
Total temporary memory:    65536 bytes.
  temporary memory stack ever used:       15360 bytes.
  temporary memory heap used for HobList: 10808 bytes.
  temporary memory heap occupied by memory pages: 5120 bytes.
Memory Allocation 0x00000002 0xFEF8B000 - 0xFEF8BFFF
Old Stack size 15360, New stack size 131072
Stack Hob: BaseAddress=0x71000000 Length=0x20000
Pages Offset = 0x83F8D000
Heap Offset = 0x8DF60000 Stack Offset = 0x8DF70000
Loading PEIM 52C05B14-0B98-496C-BC3B-04B50211D680
Loading PEIM at 0x0007AFF5000 EntryPoint=0x0007AFF5355 PeiCore.efi
Reinstall PPI: 8C8CE578-8A3D-4F1C-9935-896185C32DD3
Reinstall PPI: 5473C07A-3DCB-4DCA-BD6F-1E9689E7349A
Reinstall PPI: B9E0ABFE-5979-4914-977F-6DEE78C278A6
Install PPI: F894643D-C449-42D1-8EA8-85BDD8C65BDE
Notify: PPI Guid: F894643D-C449-42D1-8EA8-85BDD8C65BDE, Peim notify entry point: FFF815E9
Install PPI: 49EDB1C1-BF21-4761-BB12-EB0031AABB39
Notify: PPI Guid: 49EDB1C1-BF21-4761-BB12-EB0031AABB39, Peim notify entry point: FFF75106
The 1th FV start address is 0x0007AFCD000, size is 0x00028000, handle is 0x7AFCD000
Install PPI: 49EDB1C1-BF21-4761-BB12-EB0031AABB39
Notify: PPI Guid: 49EDB1C1-BF21-4761-BB12-EB0031AABB39, Peim notify entry point: FFF75106
The 2th FV start address is 0x0007AD9D000, size is 0x00220000, handle is 0x7AD9D000
Found firmware volume Image File 7AD9D048 in FV[2] 7AD9D000
Loading PEIM 9B3ADA4F-AE56-4C24-8DEA-F03B7558AE50
Loading PEIM at 0x0007AD9A000 EntryPoint=0x0007AD9A315 PcdPeim.efi
PROGRESS CODE: V3020002 I0
Install PPI: 06E81C58-4AD7-44BC-8390-F10265F72480
Install PPI: 01F34D25-4DE2-23AD-3FF3-36353FF323F1
Install PPI: 4D8B155B-C059-4C8F-8926-06FD4331DB8A
Install PPI: A60C6B59-E459-425D-9C69-0BCC9CB27D81
Register PPI Notify: 605EA650-C65C-42E1-BA80-91A52AB618C6
PROGRESS CODE: V3020003 I0
DiscoverPeimsAndOrderWithApriori(): Found 0xB PEI FFS files in the 1th FV
Loading PEIM 0A5EA2E1-BE0B-44A0-A775-F429C9A018A0
Loading PEIM at 0x0007AD93000 EntryPoint=0x0007AD93315 PlatformEarlyInit.efi
PROGRESS CODE: V3020002 I0
Install PPI: 63B6E435-32BC-49C6-81BD-B7A1A0FE1A6C
Install PPI: 1F4C6F90-B06B-48D8-A201-BAE5F1CD7D56
Install PPI: 30AC275E-BB30-4B84-A1CD-0AF1322C89C0
PlatformFlavor is 1 (3=tablet,1=mobile,2=desktop)
MultiPlatformGpioTableInit()...
MultiPlatformGpioProgram()...
Start to config Minnow2 GPIO pins
Usage = 255, Func# = 1, IntType = 0, Pull Up/Down = 6, MMIO Base = 0xFED0C550, Set PAD_VAL = 0x00000002, Set CONF0 = 0x2003CC01
Usage = 255, Func# = 1, IntType = 0, Pull Up/Down = 6, MMIO Base = 0xFED0C590, Set PAD_VAL = 0x00000002, Set CONF0 = 0x2003CC01
Usage = 255, Func# = 1, IntType = 0, Pull Up/Down = 6, MMIO Base = 0xFED0C5D0, Set PAD_VAL = 0x00000003, Set CONF0 = 0x2003CC01
Usage = 255, Func# = 1, IntType = 0, Pull Up/Down = 2, MMIO Base = 0xFED0C600, Set PAD_VAL = 0x00000003, Set CONF0 = 0x2003CA81
Usage = 255, Func# = 1, IntType = 0, Pull Up/Down = 2, MMIO Base = 0xFED0C630, Set PAD_VAL = 0x00000003, Set CONF0 = 0x2003CA81
Usage = 255, Func# = 1, IntType = 0, Pull Up/Down = 2, MMIO Base = 0xFED0C660, Set PAD_VAL = 0x00000003, Set CONF0 = 0x2003CA81
Usage = 0, Func# = 0, IntType = 0, Pull Up/Down = 6, MMIO Base = 0xFED0C620, Set PAD_VAL = 0x00000001, Set CONF0 = 0x2003CC00
Usage = 255, Func# = 2, IntType = 0, Pull Up/Down = 6, MMIO Base = 0xFED0C650, Set PAD_VAL = 0x00000003, Set CONF0 = 0x2003CC02
Usage = 0, Func# = 0, IntType = 0, Pull Up/Down = 6, MMIO Base = 0xFED0C220, Set PAD_VAL = 0x00000000, Set CONF0 = 0x2003EC00
Usage = 0, Func# = 0, IntType = 0, Pull Up/Down = 6, MMIO Base = 0xFED0C250, Set PAD_VAL = 0x00000000, Set CONF0 = 0x2003EC00
Usage = 0, Func# = 0, IntType = 0, Pull Up/Down = 6, MMIO Base = 0xFED0C240, Set PAD_VAL = 0x00000000, Set CONF0 = 0x2003EC00
Usage = 0, Func# = 0, IntType = 0, Pull Up/Down = 6, MMIO Base = 0xFED0C260, Set PAD_VAL = 0x00000000, Set CONF0 = 0x2003EC00
Usage = 0, Func# = 0, IntType = 0, Pull Up/Down = 6, MMIO Base = 0xFED0C270, Set PAD_VAL = 0x00000000, Set CONF0 = 0x2003EC00
Usage = 0, Func# = 0, IntType = 0, Pull Up/Down = 6, MMIO Base = 0xFED0C230, Set PAD_VAL = 0x00000000, Set CONF0 = 0x2003EC00
Usage = 0, Func# = 0, IntType = 0, Pull Up/Down = 6, MMIO Base = 0xFED0C280, Set PAD_VAL = 0x00000000, Set CONF0 = 0x2003EC00
Usage = 0, Func# = 0, IntType = 0, Pull Up/Down = 6, MMIO Base = 0xFED0C540, Set PAD_VAL = 0x00000000, Set CONF0 = 0x2003CC00
Usage = 0, Func# = 0, IntType = 0, Pull Up/Down = 6, MMIO Base = 0xFED0C3E0, Set PAD_VAL = 0x00000000, Set CONF0 = 0x2003EC00
Usage = 0, Func# = 0, IntType = 0, Pull Up/Down = 6, MMIO Base = 0xFED0C3D0, Set PAD_VAL = 0x00000001, Set CONF0 = 0x2003EC00
Usage = 0, Func# = 0, IntType = 0, Pull Up/Down = 6, MMIO Base = 0xFED0C400, Set PAD_VAL = 0x00000001, Set CONF0 = 0x2003EC00
Usage = 0, Func# = 0, IntType = 0, Pull Up/Down = 6, MMIO Base = 0xFED0C3B0, Set PAD_VAL = 0x00000001, Set CONF0 = 0x2003EC00
Usage = 0, Func# = 0, IntType = 0, Pull Up/Down = 6, MMIO Base = 0xFED0C360, Set PAD_VAL = 0x00000001, Set CONF0 = 0x2003EC00
Usage = 0, Func# = 0, IntType = 0, Pull Up/Down = 6, MMIO Base = 0xFED0C380, Set PAD_VAL = 0x00000001, Set CONF0 = 0x2003EC00
Usage = 0, Func# = 0, IntType = 0, Pull Up/Down = 6, MMIO Base = 0xFED0C3C0, Set PAD_VAL = 0x00000001, Set CONF0 = 0x2003EC00
Usage = 0, Func# = 0, IntType = 0, Pull Up/Down = 6, MMIO Base = 0xFED0C370, Set PAD_VAL = 0x00000001, Set CONF0 = 0x2003EC00
Usage = 0, Func# = 0, IntType = 0, Pull Up/Down = 6, MMIO Base = 0xFED0C3F0, Set PAD_VAL = 0x00000001, Set CONF0 = 0x2003EC00
Usage = 0, Func# = 0, IntType = 0, Pull Up/Down = 6, MMIO Base = 0xFED0C390, Set PAD_VAL = 0x00000001, Set CONF0 = 0x2003EC00
Usage = 0, Func# = 0, IntType = 0, Pull Up/Down = 6, MMIO Base = 0xFED0C330, Set PAD_VAL = 0x00000000, Set CONF0 = 0x2003EC00
Usage = 0, Func# = 0, IntType = 0, Pull Up/Down = 6, MMIO Base = 0xFED0C320, Set PAD_VAL = 0x00000000, Set CONF0 = 0x2003EC00
Usage = 0, Func# = 0, IntType = 0, Pull Up/Down = 6, MMIO Base = 0xFED0C350, Set PAD_VAL = 0x00000001, Set CONF0 = 0x2003EC00
Usage = 0, Func# = 0, IntType = 0, Pull Up/Down = 6, MMIO Base = 0xFED0C2F0, Set PAD_VAL = 0x00000001, Set CONF0 = 0x2003EC00
Usage = 0, Func# = 0, IntType = 0, Pull Up/Down = 6, MMIO Base = 0xFED0C340, Set PAD_VAL = 0x00000001, Set CONF0 = 0x2003EC00
Usage = 0, Func# = 0, IntType = 0, Pull Up/Down = 6, MMIO Base = 0xFED0C310, Set PAD_VAL = 0x00000001, Set CONF0 = 0x2003EC00
Usage = 0, Func# = 0, IntType = 0, Pull Up/Down = 6, MMIO Base = 0xFED0C300, Set PAD_VAL = 0x00000001, Set CONF0 = 0x2003EC00
Usage = 255, Func# = 1, IntType = 0, Pull Up/Down = 6, MMIO Base = 0xFED0C2B0, Set PAD_VAL = 0x00000002, Set CONF0 = 0x20038C01
Usage = 255, Func# = 1, IntType = 0, Pull Up/Down = 6, MMIO Base = 0xFED0C2E0, Set PAD_VAL = 0x00000003, Set CONF0 = 0x20038C01
Usage = 255, Func# = 1, IntType = 0, Pull Up/Down = 6, MMIO Base = 0xFED0C290, Set PAD_VAL = 0x00000003, Set CONF0 = 0x20038C01
Usage = 255, Func# = 1, IntType = 0, Pull Up/Down = 6, MMIO Base = 0xFED0C2D0, Set PAD_VAL = 0x00000003, Set CONF0 = 0x20038C01
Usage = 255, Func# = 1, IntType = 0, Pull Up/Down = 6, MMIO Base = 0xFED0C2A0, Set PAD_VAL = 0x00000003, Set CONF0 = 0x20038C01
Usage = 255, Func# = 1, IntType = 6, Pull Up/Down = 6, MMIO Base = 0xFED0C3A0, Set PAD_VAL = 0x00000003, Set CONF0 = 0x2603CC01
Usage = 255, Func# = 1, IntType = 0, Pull Up/Down = 6, MMIO Base = 0xFED0C2C0, Set PAD_VAL = 0x00000003, Set CONF0 = 0x20038C01
Usage = 255, Func# = 1, IntType = 0, Pull Up/Down = 6, MMIO Base = 0xFED0C5F0, Set PAD_VAL = 0x00000002, Set CONF0 = 0x2003CC01
Usage = 255, Func# = 1, IntType = 0, Pull Up/Down = 6, MMIO Base = 0xFED0C690, Set PAD_VAL = 0x00000003, Set CONF0 = 0x2003CC01
Usage = 0, Func# = 0, IntType = 0, Pull Up/Down = 6, MMIO Base = 0xFED0C460, Set PAD_VAL = 0x00000000, Set CONF0 = 0x20038C00
Usage = 0, Func# = 0, IntType = 0, Pull Up/Down = 6, MMIO Base = 0xFED0C440, Set PAD_VAL = 0x00000000, Set CONF0 = 0x20038C00
Usage = 0, Func# = 0, IntType = 0, Pull Up/Down = 6, MMIO Base = 0xFED0C430, Set PAD_VAL = 0x00000000, Set CONF0 = 0x20038C00
Usage = 0, Func# = 0, IntType = 0, Pull Up/Down = 6, MMIO Base = 0xFED0C420, Set PAD_VAL = 0x00000000, Set CONF0 = 0x20038C00
Usage = 0, Func# = 0, IntType = 0, Pull Up/Down = 6, MMIO Base = 0xFED0C450, Set PAD_VAL = 0x00000001, Set CONF0 = 0x20038C00
Usage = 0, Func# = 0, IntType = 0, Pull Up/Down = 6, MMIO Base = 0xFED0C470, Set PAD_VAL = 0x00000000, Set CONF0 = 0x20038C00
Usage = 0, Func# = 0, IntType = 0, Pull Up/Down = 6, MMIO Base = 0xFED0C410, Set PAD_VAL = 0x00000000, Set CONF0 = 0x20038C00
Usage = 0, Func# = 0, IntType = 0, Pull Up/Down = 6, MMIO Base = 0xFED0C480, Set PAD_VAL = 0x00000001, Set CONF0 = 0x20038C00
Usage = 0, Func# = 0, IntType = 0, Pull Up/Down = 6, MMIO Base = 0xFED0C560, Set PAD_VAL = 0x00000000, Set CONF0 = 0x2003CC00
Usage = 255, Func# = 1, IntType = 0, Pull Up/Down = 6, MMIO Base = 0xFED0C5A0, Set PAD_VAL = 0x00000003, Set CONF0 = 0x2003CC01
Usage = 255, Func# = 1, IntType = 0, Pull Up/Down = 6, MMIO Base = 0xFED0C580, Set PAD_VAL = 0x00000003, Set CONF0 = 0x2003CC01
Usage = 255, Func# = 1, IntType = 0, Pull Up/Down = 2, MMIO Base = 0xFED0C5C0, Set PAD_VAL = 0x00000003, Set CONF0 = 0x2003CA81
Usage = 2, Func# = 0, IntType = 0, Pull Up/Down = 0, MMIO Base = 0xFED0C670, Set PAD_VAL = 0x00000003, Set CONF0 = 0x2003CC80
Usage = 0, Func# = 0, IntType = 0, Pull Up/Down = 6, MMIO Base = 0xFED0C4D0, Set PAD_VAL = 0x00000000, Set CONF0 = 0x2003CC00
Usage = 2, Func# = 0, IntType = 0, Pull Up/Down = 0, MMIO Base = 0xFED0C4F0, Set PAD_VAL = 0x00000003, Set CONF0 = 0x2083CC80
Usage = 0, Func# = 0, IntType = 0, Pull Up/Down = 6, MMIO Base = 0xFED0C4E0, Set PAD_VAL = 0x00000001, Set CONF0 = 0x2003CC00
Usage = 0, Func# = 0, IntType = 0, Pull Up/Down = 6, MMIO Base = 0xFED0C510, Set PAD_VAL = 0x00000000, Set CONF0 = 0x2003CC00
Usage = 4, Func# = 0, IntType = 0, Pull Up/Down = 0, MMIO Base = 0xFED0C500, Set PAD_VAL = 0x00000005, Set CONF0 = 0x2003CC00
Usage = 2, Func# = 0, IntType = 0, Pull Up/Down = 0, MMIO Base = 0xFED0C0D0, Set PAD_VAL = 0x00000003, Set CONF0 = 0x2003CC80
Usage = 2, Func# = 0, IntType = 0, Pull Up/Down = 0, MMIO Base = 0xFED0C0C0, Set PAD_VAL = 0x00000003, Set CONF0 = 0x2083CC80
Usage = 2, Func# = 0, IntType = 0, Pull Up/Down = 0, MMIO Base = 0xFED0C0F0, Set PAD_VAL = 0x00000003, Set CONF0 = 0x2003CC80
Usage = 2, Func# = 0, IntType = 0, Pull Up/Down = 0, MMIO Base = 0xFED0C0E0, Set PAD_VAL = 0x00000003, Set CONF0 = 0x2083CC80
Usage = 255, Func# = 1, IntType = 0, Pull Up/Down = 0, MMIO Base = 0xFED0C110, Set PAD_VAL = 0x00000003, Set CONF0 = 0x2003CC81
Usage = 255, Func# = 1, IntType = 0, Pull Up/Down = 0, MMIO Base = 0xFED0C120, Set PAD_VAL = 0x00000003, Set CONF0 = 0x2003CC81
Usage = 255, Func# = 1, IntType = 0, Pull Up/Down = 0, MMIO Base = 0xFED0C130, Set PAD_VAL = 0x00000003, Set CONF0 = 0x2003CC81
Usage = 255, Func# = 1, IntType = 0, Pull Up/Down = 0, MMIO Base = 0xFED0C100, Set PAD_VAL = 0x00000003, Set CONF0 = 0x2003CC81
Usage = 255, Func# = 1, IntType = 0, Pull Up/Down = 0, MMIO Base = 0xFED0C020, Set PAD_VAL = 0x00000003, Set CONF0 = 0x2003CC81
Usage = 255, Func# = 1, IntType = 0, Pull Up/Down = 0, MMIO Base = 0xFED0C010, Set PAD_VAL = 0x00000003, Set CONF0 = 0x2003CC81
Usage = 2, Func# = 0, IntType = 0, Pull Up/Down = 0, MMIO Base = 0xFED0C000, Set PAD_VAL = 0x00000003, Set CONF0 = 0x2003CC80
Usage = 2, Func# = 0, IntType = 0, Pull Up/Down = 0, MMIO Base = 0xFED0C040, Set PAD_VAL = 0x00000003, Set CONF0 = 0x2003CC80
Usage = 255, Func# = 1, IntType = 0, Pull Up/Down = 0, MMIO Base = 0xFED0C060, Set PAD_VAL = 0x00000003, Set CONF0 = 0x2003CC81
Usage = 255, Func# = 1, IntType = 0, Pull Up/Down = 0, MMIO Base = 0xFED0C070, Set PAD_VAL = 0x00000003, Set CONF0 = 0x2003CC81
Usage = 0, Func# = 0, IntType = 0, Pull Up/Down = 6, MMIO Base = 0xFED0C090, Set PAD_VAL = 0x00000001, Set CONF0 = 0x2003CC00
Usage = 255, Func# = 1, IntType = 0, Pull Up/Down = 0, MMIO Base = 0xFED0C080, Set PAD_VAL = 0x00000003, Set CONF0 = 0x2003CC81
Usage = 0, Func# = 0, IntType = 0, Pull Up/Down = 6, MMIO Base = 0xFED0C210, Set PAD_VAL = 0x00000001, Set CONF0 = 0x2003CC00
Usage = 0, Func# = 0, IntType = 0, Pull Up/Down = 6, MMIO Base = 0xFED0C200, Set PAD_VAL = 0x00000001, Set CONF0 = 0x2003CC00
Usage = 255, Func# = 1, IntType = 0, Pull Up/Down = 6, MMIO Base = 0xFED0C1F0, Set PAD_VAL = 0x00000003, Set CONF0 = 0x2003CC01
Usage = 255, Func# = 1, IntType = 0, Pull Up/Down = 6, MMIO Base = 0xFED0C1E0, Set PAD_VAL = 0x00000003, Set CONF0 = 0x2003CC01
Usage = 0, Func# = 0, IntType = 0, Pull Up/Down = 6, MMIO Base = 0xFED0C1D0, Set PAD_VAL = 0x00000001, Set CONF0 = 0x2003CC00
Usage = 0, Func# = 0, IntType = 0, Pull Up/Down = 6, MMIO Base = 0xFED0C1B0, Set PAD_VAL = 0x00000001, Set CONF0 = 0x2003CC00
Usage = 0, Func# = 0, IntType = 0, Pull Up/Down = 6, MMIO Base = 0xFED0C190, Set PAD_VAL = 0x00000001, Set CONF0 = 0x2003CC00
Usage = 0, Func# = 0, IntType = 0, Pull Up/Down = 6, MMIO Base = 0xFED0C1C0, Set PAD_VAL = 0x00000001, Set CONF0 = 0x2003CC00
Usage = 255, Func# = 1, IntType = 0, Pull Up/Down = 0, MMIO Base = 0xFED0C1A0, Set PAD_VAL = 0x00000003, Set CONF0 = 0x2003CC81
Usage = 0, Func# = 0, IntType = 0, Pull Up/Down = 6, MMIO Base = 0xFED0C170, Set PAD_VAL = 0x00000001, Set CONF0 = 0x2003CC00
Usage = 255, Func# = 1, IntType = 0, Pull Up/Down = 0, MMIO Base = 0xFED0C150, Set PAD_VAL = 0x00000003, Set CONF0 = 0x2003CC81
Usage = 255, Func# = 1, IntType = 0, Pull Up/Down = 0, MMIO Base = 0xFED0C140, Set PAD_VAL = 0x00000003, Set CONF0 = 0x2003CC81
Usage = 255, Func# = 1, IntType = 0, Pull Up/Down = 0, MMIO Base = 0xFED0C180, Set PAD_VAL = 0x00000003, Set CONF0 = 0x2003CC81
Usage = 255, Func# = 1, IntType = 0, Pull Up/Down = 0, MMIO Base = 0xFED0C160, Set PAD_VAL = 0x00000003, Set CONF0 = 0x2003CC81
Usage = 0, Func# = 1, IntType = 0, Pull Up/Down = 6, MMIO Base = 0xFED0C050, Set PAD_VAL = 0x00000000, Set CONF0 = 0x2003CC01
Usage = 4, Func# = 1, IntType = 0, Pull Up/Down = 6, MMIO Base = 0xFED0C030, Set PAD_VAL = 0x00000004, Set CONF0 = 0x2003CC01
Usage = 255, Func# = 1, IntType = 0, Pull Up/Down = 1, MMIO Base = 0xFED0C0A0, Set PAD_VAL = 0x00000003, Set CONF0 = 0x2003CD01
Usage = 255, Func# = 1, IntType = 0, Pull Up/Down = 1, MMIO Base = 0xFED0C0B0, Set PAD_VAL = 0x00000003, Set CONF0 = 0x2003CD01
Usage = 0, Func# = 0, IntType = 0, Pull Up/Down = 6, MMIO Base = 0xFED0C6A0, Set PAD_VAL = 0x00000000, Set CONF0 = 0x2003CC00
Usage = 0, Func# = 0, IntType = 0, Pull Up/Down = 6, MMIO Base = 0xFED0C570, Set PAD_VAL = 0x00000000, Set CONF0 = 0x2003CC00
Usage = 0, Func# = 0, IntType = 0, Pull Up/Down = 6, MMIO Base = 0xFED0C5B0, Set PAD_VAL = 0x00000000, Set CONF0 = 0x2003CC00
Usage = 0, Func# = 0, IntType = 0, Pull Up/Down = 6, MMIO Base = 0xFED0C680, Set PAD_VAL = 0x00000001, Set CONF0 = 0x2003CC00
Usage = 0, Func# = 0, IntType = 0, Pull Up/Down = 6, MMIO Base = 0xFED0C610, Set PAD_VAL = 0x00000000, Set CONF0 = 0x2003CC00
Usage = 0, Func# = 0, IntType = 0, Pull Up/Down = 6, MMIO Base = 0xFED0C640, Set PAD_VAL = 0x00000000, Set CONF0 = 0x2003CC00
Usage = 255, Func# = 2, IntType = 0, Pull Up/Down = 6, MMIO Base = 0xFED0D130, Set PAD_VAL = 0x00000003, Set CONF0 = 0x2003CC02
Usage = 255, Func# = 2, IntType = 0, Pull Up/Down = 6, MMIO Base = 0xFED0D120, Set PAD_VAL = 0x00000003, Set CONF0 = 0x2083CC02
Usage = 255, Func# = 2, IntType = 0, Pull Up/Down = 6, MMIO Base = 0xFED0D110, Set PAD_VAL = 0x00000003, Set CONF0 = 0x2003CC02
Usage = 0, Func# = 0, IntType = 0, Pull Up/Down = 6, MMIO Base = 0xFED0D140, Set PAD_VAL = 0x00000000, Set CONF0 = 0x2003CC00
Usage = 0, Func# = 0, IntType = 0, Pull Up/Down = 6, MMIO Base = 0xFED0D150, Set PAD_VAL = 0x00000000, Set CONF0 = 0x2003CC00
Usage = 0, Func# = 0, IntType = 0, Pull Up/Down = 6, MMIO Base = 0xFED0D160, Set PAD_VAL = 0x00000000, Set CONF0 = 0x2003CC00
Usage = 255, Func# = 2, IntType = 0, Pull Up/Down = 6, MMIO Base = 0xFED0D180, Set PAD_VAL = 0x00000002, Set CONF0 = 0x2003CC02
Usage = 255, Func# = 2, IntType = 0, Pull Up/Down = 6, MMIO Base = 0xFED0D190, Set PAD_VAL = 0x00000002, Set CONF0 = 0x2003CC02
Usage = 255, Func# = 2, IntType = 0, Pull Up/Down = 6, MMIO Base = 0xFED0D170, Set PAD_VAL = 0x00000002, Set CONF0 = 0x2003CC02
Usage = 0, Func# = 0, IntType = 0, Pull Up/Down = 6, MMIO Base = 0xFED0D100, Set PAD_VAL = 0x00000000, Set CONF0 = 0x2003CC00
Usage = 0, Func# = 0, IntType = 0, Pull Up/Down = 6, MMIO Base = 0xFED0D0E0, Set PAD_VAL = 0x00000000, Set CONF0 = 0x2003CC00
Usage = 0, Func# = 0, IntType = 0, Pull Up/Down = 6, MMIO Base = 0xFED0D0F0, Set PAD_VAL = 0x00000000, Set CONF0 = 0x2003CC00
Usage = 4, Func# = 0, IntType = 0, Pull Up/Down = 6, MMIO Base = 0xFED0D0C0, Set PAD_VAL = 0x00000004, Set CONF0 = 0x2003CC00
Usage = 2, Func# = 0, IntType = 0, Pull Up/Down = 3, MMIO Base = 0xFED0D1A0, Set PAD_VAL = 0x00000002, Set CONF0 = 0x2003CB00
Usage = 0, Func# = 0, IntType = 0, Pull Up/Down = 6, MMIO Base = 0xFED0D1B0, Set PAD_VAL = 0x00000001, Set CONF0 = 0x2003CC00
Usage = 0, Func# = 0, IntType = 0, Pull Up/Down = 6, MMIO Base = 0xFED0D010, Set PAD_VAL = 0x00000000, Set CONF0 = 0x2003CC00
Usage = 0, Func# = 0, IntType = 0, Pull Up/Down = 6, MMIO Base = 0xFED0D040, Set PAD_VAL = 0x00000000, Set CONF0 = 0x2003CC00
Usage = 0, Func# = 0, IntType = 0, Pull Up/Down = 6, MMIO Base = 0xFED0D080, Set PAD_VAL = 0x00000000, Set CONF0 = 0x2003CC00
Usage = 0, Func# = 0, IntType = 0, Pull Up/Down = 6, MMIO Base = 0xFED0D0B0, Set PAD_VAL = 0x00000000, Set CONF0 = 0x2003CC00
Usage = 0, Func# = 0, IntType = 0, Pull Up/Down = 6, MMIO Base = 0xFED0D000, Set PAD_VAL = 0x00000000, Set CONF0 = 0x2003CC00
Usage = 0, Func# = 0, IntType = 0, Pull Up/Down = 6, MMIO Base = 0xFED0D030, Set PAD_VAL = 0x00000000, Set CONF0 = 0x2003CC00
Usage = 0, Func# = 0, IntType = 0, Pull Up/Down = 6, MMIO Base = 0xFED0D060, Set PAD_VAL = 0x00000000, Set CONF0 = 0x2003CC00
Usage = 0, Func# = 0, IntType = 0, Pull Up/Down = 6, MMIO Base = 0xFED0D0A0, Set PAD_VAL = 0x00000000, Set CONF0 = 0x2003CC00
Usage = 0, Func# = 0, IntType = 0, Pull Up/Down = 6, MMIO Base = 0xFED0D0D0, Set PAD_VAL = 0x00000000, Set CONF0 = 0x2003CC00
Usage = 0, Func# = 0, IntType = 0, Pull Up/Down = 6, MMIO Base = 0xFED0D020, Set PAD_VAL = 0x00000000, Set CONF0 = 0x2003CC00
Usage = 0, Func# = 0, IntType = 0, Pull Up/Down = 6, MMIO Base = 0xFED0D050, Set PAD_VAL = 0x00000000, Set CONF0 = 0x2003CC00
Usage = 0, Func# = 0, IntType = 0, Pull Up/Down = 6, MMIO Base = 0xFED0D090, Set PAD_VAL = 0x00000000, Set CONF0 = 0x2003CC00
Usage = 2, Func# = 0, IntType = 0, Pull Up/Down = 0, MMIO Base = 0xFED0E1D0, Set PAD_VAL = 0x00000003, Set CONF0 = 0x2003CC80
Usage = 2, Func# = 0, IntType = 0, Pull Up/Down = 0, MMIO Base = 0xFED0E210, Set PAD_VAL = 0x00000003, Set CONF0 = 0x2003CC80
Usage = 2, Func# = 0, IntType = 0, Pull Up/Down = 0, MMIO Base = 0xFED0E1E0, Set PAD_VAL = 0x00000003, Set CONF0 = 0x2003CC80
Usage = 255, Func# = 6, IntType = 5, Pull Up/Down = 4, MMIO Base = 0xFED0E1F0, Set PAD_VAL = 0x00000003, Set CONF0 = 0x2503C886
Usage = 0, Func# = 0, IntType = 0, Pull Up/Down = 6, MMIO Base = 0xFED0E200, Set PAD_VAL = 0x00000001, Set CONF0 = 0x2003CC00
Usage = 2, Func# = 0, IntType = 0, Pull Up/Down = 6, MMIO Base = 0xFED0E220, Set PAD_VAL = 0x00000003, Set CONF0 = 0x2003CC00
Usage = 2, Func# = 0, IntType = 0, Pull Up/Down = 6, MMIO Base = 0xFED0E240, Set PAD_VAL = 0x00000002, Set CONF0 = 0x2003CC00
Usage = 2, Func# = 0, IntType = 0, Pull Up/Down = 6, MMIO Base = 0xFED0E230, Set PAD_VAL = 0x00000002, Set CONF0 = 0x2003CC00
Usage = 4, Func# = 0, IntType = 0, Pull Up/Down = 0, MMIO Base = 0xFED0E260, Set PAD_VAL = 0x00000005, Set CONF0 = 0x2003CC00
Usage = 4, Func# = 0, IntType = 0, Pull Up/Down = 0, MMIO Base = 0xFED0E250, Set PAD_VAL = 0x00000005, Set CONF0 = 0x2003CC00
Usage = 4, Func# = 0, IntType = 0, Pull Up/Down = 6, MMIO Base = 0xFED0E120, Set PAD_VAL = 0x00000005, Set CONF0 = 0x2003CC00
Usage = 255, Func# = 0, IntType = 0, Pull Up/Down = 2, MMIO Base = 0xFED0E070, Set PAD_VAL = 0x00000002, Set CONF0 = 0x2003CA80
Usage = 255, Func# = 0, IntType = 0, Pull Up/Down = 6, MMIO Base = 0xFED0E0B0, Set PAD_VAL = 0x00000002, Set CONF0 = 0x2003CC00
Usage = 255, Func# = 0, IntType = 0, Pull Up/Down = 6, MMIO Base = 0xFED0E140, Set PAD_VAL = 0x00000003, Set CONF0 = 0x2003CC00
Usage = 4, Func# = 1, IntType = 0, Pull Up/Down = 2, MMIO Base = 0xFED0E110, Set PAD_VAL = 0x00000004, Set CONF0 = 0x2003CC01
Usage = 255, Func# = 0, IntType = 0, Pull Up/Down = 0, MMIO Base = 0xFED0E010, Set PAD_VAL = 0x00000003, Set CONF0 = 0x2003CC80
Usage = 255, Func# = 0, IntType = 0, Pull Up/Down = 0, MMIO Base = 0xFED0E080, Set PAD_VAL = 0x00000003, Set CONF0 = 0x2003CC80
Usage = 0, Func# = 1, IntType = 0, Pull Up/Down = 6, MMIO Base = 0xFED0E0A0, Set PAD_VAL = 0x00000001, Set CONF0 = 0x2003CC01
Usage = 4, Func# = 1, IntType = 0, Pull Up/Down = 6, MMIO Base = 0xFED0E130, Set PAD_VAL = 0x00000005, Set CONF0 = 0x2003CC01
Usage = 255, Func# = 0, IntType = 0, Pull Up/Down = 2, MMIO Base = 0xFED0E0C0, Set PAD_VAL = 0x00000003, Set CONF0 = 0x2003CA80
Usage = 255, Func# = 0, IntType = 0, Pull Up/Down = 2, MMIO Base = 0xFED0E000, Set PAD_VAL = 0x00000003, Set CONF0 = 0x2003CA80
Usage = 255, Func# = 0, IntType = 0, Pull Up/Down = 6, MMIO Base = 0xFED0E020, Set PAD_VAL = 0x00000003, Set CONF0 = 0x2003EC00
Usage = 0, Func# = 0, IntType = 0, Pull Up/Down = 6, MMIO Base = 0xFED0E170, Set PAD_VAL = 0x00000000, Set CONF0 = 0x2003CC00
Usage = 0, Func# = 0, IntType = 0, Pull Up/Down = 6, MMIO Base = 0xFED0E270, Set PAD_VAL = 0x00000000, Set CONF0 = 0x2003CC00
Usage = 0, Func# = 0, IntType = 0, Pull Up/Down = 6, MMIO Base = 0xFED0E1C0, Set PAD_VAL = 0x00000000, Set CONF0 = 0x2003CC00
Usage = 0, Func# = 0, IntType = 0, Pull Up/Down = 6, MMIO Base = 0xFED0E1B0, Set PAD_VAL = 0x00000000, Set CONF0 = 0x2003CC00
Usage = 0, Func# = 0, IntType = 0, Pull Up/Down = 6, MMIO Base = 0xFED0E160, Set PAD_VAL = 0x00000000, Set CONF0 = 0x2003CC00
Usage = 2, Func# = 0, IntType = 0, Pull Up/Down = 0, MMIO Base = 0xFED0E150, Set PAD_VAL = 0x00000003, Set CONF0 = 0x2003CC80
Usage = 2, Func# = 0, IntType = 0, Pull Up/Down = 0, MMIO Base = 0xFED0E180, Set PAD_VAL = 0x00000003, Set CONF0 = 0x2003CC80
Usage = 2, Func# = 0, IntType = 0, Pull Up/Down = 0, MMIO Base = 0xFED0E190, Set PAD_VAL = 0x00000003, Set CONF0 = 0x2003CC80
Usage = 2, Func# = 0, IntType = 0, Pull Up/Down = 0, MMIO Base = 0xFED0E1A0, Set PAD_VAL = 0x00000003, Set CONF0 = 0x2003CC80
Usage = 0, Func# = 0, IntType = 0, Pull Up/Down = 6, MMIO Base = 0xFED0E330, Set PAD_VAL = 0x00000000, Set CONF0 = 0x2003CC00
Usage = 0, Func# = 0, IntType = 0, Pull Up/Down = 6, MMIO Base = 0xFED0E380, Set PAD_VAL = 0x00000000, Set CONF0 = 0x2003CC00
Usage = 0, Func# = 0, IntType = 0, Pull Up/Down = 6, MMIO Base = 0xFED0E360, Set PAD_VAL = 0x00000000, Set CONF0 = 0x2003CC00
Usage = 0, Func# = 0, IntType = 0, Pull Up/Down = 6, MMIO Base = 0xFED0E310, Set PAD_VAL = 0x00000000, Set CONF0 = 0x2003CC00
Usage = 0, Func# = 0, IntType = 0, Pull Up/Down = 6, MMIO Base = 0xFED0E370, Set PAD_VAL = 0x00000000, Set CONF0 = 0x2003CC00
Usage = 0, Func# = 0, IntType = 0, Pull Up/Down = 6, MMIO Base = 0xFED0E300, Set PAD_VAL = 0x00000000, Set CONF0 = 0x2003CC00
Usage = 0, Func# = 0, IntType = 0, Pull Up/Down = 6, MMIO Base = 0xFED0E390, Set PAD_VAL = 0x00000000, Set CONF0 = 0x2003CC00
Usage = 0, Func# = 0, IntType = 0, Pull Up/Down = 6, MMIO Base = 0xFED0E320, Set PAD_VAL = 0x00000000, Set CONF0 = 0x2003CC00
Usage = 0, Func# = 0, IntType = 0, Pull Up/Down = 6, MMIO Base = 0xFED0E3A0, Set PAD_VAL = 0x00000000, Set CONF0 = 0x2003CC00
Usage = 0, Func# = 0, IntType = 0, Pull Up/Down = 6, MMIO Base = 0xFED0E340, Set PAD_VAL = 0x00000001, Set CONF0 = 0x2003CC00
Usage = 0, Func# = 0, IntType = 0, Pull Up/Down = 6, MMIO Base = 0xFED0E350, Set PAD_VAL = 0x00000000, Set CONF0 = 0x2003CC00
Usage = 0, Func# = 0, IntType = 0, Pull Up/Down = 6, MMIO Base = 0xFED0E3B0, Set PAD_VAL = 0x00000001, Set CONF0 = 0x2003CC00
Usage = 0, Func# = 0, IntType = 0, Pull Up/Down = 6, MMIO Base = 0xFED0E280, Set PAD_VAL = 0x00000000, Set CONF0 = 0x2003CC00
ACPI Wake Status Register: 0101
ACPI Wake Event Data: 06
Setting BootMode to BOOT_WITH_FULL_CONFIGURATION
PlatformEarlyInitEntry: Setup Variable does not exist.
PlatformEarlyInitEntry: Set PcdNvStoreDefaultId to STANDARD
Setup Option ISPEn: 0x1
Setup Option ISPDevSel: 0x1
Install PPI: 7D84B2C2-22A1-4372-B12C-EBB232D3A6A3
ConfigureSoCGpio------------start
Auto detection mode------------start
SOC B0 and later: eMMC 4.5 GPIO Configuration
ConfigureSoCGpio------------end
ConfigureLpssAndSccGpio------------start
LpssHsuart0FlowControlEnabled[0]
LpssHsuart1FlowControlEnabled[0]
ConfigureLpssAndSccGpio------------end
ConfigureLpeGpio------------start
ConfigureLpeGpio------------end
PlatformSsaInit() - Start
PlatformSsaInit() - SystemConfiguration->ISPDevSel 0x1
PlatformSsaInit() - Device 2 Interrupt Route Done
PchPolicySetupInit() - Start
Install PPI: 15344673-D365-4BE2-8513-1497CC07611D
PchPolicySetupInit() - End
Install PPI: 7408D748-FC8C-4EE6-9288-C4BEC092A410
Install PPI: EF398D58-9DFD-4103-BF94-78C6F4FE712F
Notify: PPI Guid: 7408D748-FC8C-4EE6-9288-C4BEC092A410, Peim notify entry point: FFF7CACD
InstallPlatformClocksNotify()...
Register PPI Notify: 9CA93627-B65B-4324-A202-C0B461764543
InstallPlatformSysCtrlGPIONotify()...
Register PPI Notify: 9CA93627-B65B-4324-A202-C0B461764543
Register PPI Notify: 605EA650-C65C-42E1-BA80-91A52AB618C6
Register PPI Notify: F894643D-C449-42D1-8EA8-85BDD8C65BDE
Notify: PPI Guid: F894643D-C449-42D1-8EA8-85BDD8C65BDE, Peim notify entry point: 7AD949E3
Reset cache attribute and disable CAR. 
Base=FF800005, Mask=FFF800800
Base=6, Mask=FC0000800
Base=40000006, Mask=FE0000800
Base=60000006, Mask=FF0000800
Base=70000006, Mask=FF8000800
Base=78000006, Mask=FFC000800
Base=7BE00000, Mask=FFFE00800
MTRR Settings:
=============
MTRR Default Type: 0000000000000C00
Fixed MTRR[00]   : 0606060606060606
Fixed MTRR[01]   : 0606060606060606
Fixed MTRR[02]   : 0505050505050505
Fixed MTRR[03]   : 0505050505050505
Fixed MTRR[04]   : 0505050505050505
Fixed MTRR[05]   : 0505050505050505
Fixed MTRR[06]   : 0505050505050505
Fixed MTRR[07]   : 0505050505050505
Fixed MTRR[08]   : 0505050505050505
Fixed MTRR[09]   : 0505050505050505
Fixed MTRR[10]   : 0505050505050505
Variable MTRR[00]: Base=00000000FF800005 Mask=0000000FFF800800
Variable MTRR[01]: Base=0000000000000006 Mask=0000000FC0000800
Variable MTRR[02]: Base=0000000040000006 Mask=0000000FE0000800
Variable MTRR[03]: Base=0000000060000006 Mask=0000000FF0000800
Variable MTRR[04]: Base=0000000070000006 Mask=0000000FF8000800
Variable MTRR[05]: Base=0000000078000006 Mask=0000000FFC000800
Variable MTRR[06]: Base=000000007BE00000 Mask=0000000FFFE00800

Memory Ranges:
====================================
WB:0000000000000000-000000000009FFFF
WP:00000000000A0000-00000000000FFFFF
WB:0000000000100000-000000007BDFFFFF
UC:000000007BE00000-00000000FF7FFFFF
WP:00000000FF800000-00000000FFFFFFFF
UC:0000000100000000-0000000FFFFFFFFF
Build Hob from default
RootComplexBar     : 0xFED1C000
PmcBase            : 0xFED03000
IoBase             : 0xFED0C000
IlbBase            : 0xFED08000
SpiBase            : 0xFED01000
MphyBase           : 0xFEF00000
LOCAL_APIC_ADDRESS : 0xFEE00000
IO_APIC_ADDRESS    : 0xFEC00000
PciExpressBase     : 0xE0000000
FLASH_BASE_ADDRESS : 0xFF800000
PROGRESS CODE: V3020003 I0
Loading PEIM D82D57AC-99F9-4C7A-B591-BBCF8A0E7FBE
Loading PEIM at 0x0007AD91000 EntryPoint=0x0007AD91315 PchSmbusArpDisabled.efi
PROGRESS CODE: V3020002 I0
InitializePchSmbusPeim() Start
Install PPI: 9CA93627-B65B-4324-A202-C0B461764543
Notify: PPI Guid: 9CA93627-B65B-4324-A202-C0B461764543, Peim notify entry point: 7AD95802
PlatformInfo protocol is working in ConfigurePlatformClocks()...1
PEI SmbusExecute() Start, SmbusDeviceAddress=D2, Command=87, Operation=4
PEI SmbusExecute() End
Clock Generator CK505 Not Present, vendor ID on board is 0
Notify: PPI Guid: 9CA93627-B65B-4324-A202-C0B461764543, Peim notify entry point: 7AD959D7
ConfigurePlatformSysCtrlGpio()...
Platform Flavor | Board ID = 0x1 | 0xB0
Register PPI Notify: F894643D-C449-42D1-8EA8-85BDD8C65BDE
Notify: PPI Guid: F894643D-C449-42D1-8EA8-85BDD8C65BDE, Peim notify entry point: 7AD9156B
InitializePchSmbusPeim() End
PROGRESS CODE: V3020003 I0
Loading PEIM FD236AE7-0791-48C4-B29E-29BDEEE1A838
Loading PEIM at 0x0007AD8B000 EntryPoint=0x0007AD8B315 PchInitPeim.efi
PROGRESS CODE: V3020002 I0
InstallPchInitPpi()-Start
PmcBase needs to be programmed and enabled before here.
Register PPI Notify: 15344673-D365-4BE2-8513-1497CC07611D
Register PPI Notify: F894643D-C449-42D1-8EA8-85BDD8C65BDE
Notify: PPI Guid: 15344673-D365-4BE2-8513-1497CC07611D, Peim notify entry point: 7AD8C6ED
PchInitialize() - Start
PchInitInterrupt () - Start
PchInitInterrupt () - End
PchMiscInit() - Start
PchMiscInit() - End
PchIoApicInit() - Start
PchIoApicInit() - End
PchPeimEhciPllCfg() SystemConfiguration->EhciPllCfgEnable = 0x1 
PchPeimEhciPllCfg() R_IOSF_SPXB_CH1CTRL = 0x1 
PchPeimEhciPllCfg() R_IOSF_SPXB_PORTCTL0 = 0x1 
PchPeimEhciPllCfg() R_IOSF_SPXB_PORTCTL1 = 0x2 
PchPeimEhciPllCfg() R_IOSF_SPXB_PORTCTL2 = 0x0 
PchPeimEhciPllCfg() R_IOSF_SPXB_PMCTL = 0x9E 
PchUsbInit() - Start
PchUsbInit() - End
Install PPI: ACB93B08-5CDC-4A8F-93D4-06E342DF182E
PchInitialize() - End
Notify: PPI Guid: F894643D-C449-42D1-8EA8-85BDD8C65BDE, Peim notify entry point: 7AD8BF39
PchSataInit() - Start
PchSataInit() - End
InstallPchInitPpi() - End
PROGRESS CODE: V3020003 I0
Loading PEIM AA652CB9-2D52-4624-9FAE-D4E58B67CA46
Loading PEIM at 0x0007AD88000 EntryPoint=0x0007AD88315 PchSpiPeim.efi
PROGRESS CODE: V3020002 I0
InstallPchSpi() Start
Install PPI: A38C6898-2B5C-4FF6-9326-2E63212E56C2
SPI PPI Installed
InstallPchSpi() End
PROGRESS CODE: V3020003 I0
Loading PEIM B4E0CDFC-30CD-4B29-A445-B0AA95A532E4
Loading PEIM at 0x0007AD86000 EntryPoint=0x0007AD86315 PeiSmmAccess.efi
PROGRESS CODE: V3020002 I0
Install PPI: 268F33A9-CCCD-48BE-8817-86053AC32ED6
PROGRESS CODE: V3020003 I0
Loading PEIM FF456B9C-0DC7-4682-9E92-0DE84B6E4067
Loading PEIM at 0x0007AD84000 EntryPoint=0x0007AD84315 PeiSmmControl.efi
PROGRESS CODE: V3020002 I0
Install PPI: 61C68702-4D7E-4F43-8DEF-A74305CE74C5
PROGRESS CODE: V3020003 I0
Loading PEIM 89E549B0-7CFE-449D-9BA3-10D8B2312D71
Loading PEIM at 0x0007AD81000 EntryPoint=0x0007AD813C5 S3Resume2Pei.efi
PROGRESS CODE: V3020002 I0
Install PPI: 6D582DBC-DB85-4514-8FCC-5ADF6227B147
PROGRESS CODE: V3020003 I0
Loading PEIM 1C8B7F78-1699-40E6-AF33-9B995D16B043
Loading PEIM at 0x0007AD7F000 EntryPoint=0x0007AD7F315 PiSmmCommunicationPei.efi
PROGRESS CODE: V3020002 I0
PROGRESS CODE: V3020003 I0
Loading PEIM 86D70125-BAA3-4296-A62F-602BEBBB9081
Loading PEIM at 0x0007AD7A000 EntryPoint=0x0007AD7A3F6 DxeIpl.efi
PROGRESS CODE: V3020002 I0
PROGRESS CODE: V3020003 I0
Install PPI: EE4E5898-3914-4259-9D6E-DC7BD79403CF
Install PPI: A31280AD-481E-41B6-95E8-127F4C984779
Install PPI: 1A36E4E7-FAB6-476A-8E75-695A0576FDD7
Install PPI: 0AE8CE5D-E448-4437-A8D7-EBF5F194F731
DiscoverPeimsAndOrderWithApriori(): Found 0x1 PEI FFS files in the 2th FV
Customized Guided section Memory Size required is 0x846010 and address is 0x7A523000
ProcessFvFile() FV at 0x7A523010, FvAlignment required is 0x10
Install PPI: EA7CA24B-DED5-4DAD-A389-BF827E8F9B38
Notify: PPI Guid: EA7CA24B-DED5-4DAD-A389-BF827E8F9B38, Peim notify entry point: FFF75106
The 3th FV start address is 0x0007A523010, size is 0x00846000, handle is 0x7A523010
Install PPI: 49EDB1C1-BF21-4761-BB12-EB0031AABB39
Notify: PPI Guid: 49EDB1C1-BF21-4761-BB12-EB0031AABB39, Peim notify entry point: FFF75106
The FV 7A523010 has already been processed!
DiscoverPeimsAndOrderWithApriori(): Found 0x0 PEI FFS files in the 3th FV
Loading PEIM CDE000FF-6D26-4A97-92CB-28C113B0D4EA
Loading PEIM at 0x0007A521000 EntryPoint=0x0007A521579 cdeWelcomePei.efi
PROGRESS CODE: V3020002 I0
POSTCODE=<3A20>
Install PPI: CDE000FF-6D26-4A97-92CB-28C113B0D4EA


----------------
cdeWelcomePei//t:\edk2020-minnowboard20210624_23\CdePkg\CdeWelcome\main.c(78): INTRODUCTION: "CDETRACE" macro. ->
 Parameters are typechecked at build time by compilers from GNU, MICROSOFT and others during 2015 to 2021 
Printing 256 bytes of initilaized memory in a "dump"-format:
0000: 00 01 02 03 04 05 06 07 - 08 09 0A 0B 0C 0D 0E 0F
0010: 10 11 12 13 14 15 16 17 - 18 19 1A 1B 1C 1D 1E 1F
0020: 20 21 22 23 24 25 26 27 - 28 29 2A 2B 2C 2D 2E 2F
0030: 30 31 32 33 34 35 36 37 - 38 39 3A 3B 3C 3D 3E 3F
0040: 40 41 42 43 44 45 46 47 - 48 49 4A 4B 4C 4D 4E 4F
0050: 50 51 52 53 54 55 56 57 - 58 59 5A 5B 5C 5D 5E 5F
0060: 60 61 62 63 64 65 66 67 - 68 69 6A 6B 6C 6D 6E 6F
0070: 70 71 72 73 74 75 76 77 - 78 79 7A 7B 7C 7D 7E 7F
0080: 80 81 82 83 84 85 86 87 - 88 89 8A 8B 8C 8D 8E 8F
0090: 90 91 92 93 94 95 96 97 - 98 99 9A 9B 9C 9D 9E 9F
00A0: A0 A1 A2 A3 A4 A5 A6 A7 - A8 A9 AA AB AC AD AE AF
00B0: B0 B1 B2 B3 B4 B5 B6 B7 - B8 B9 BA BB BC BD BE BF
00C0: C0 C1 C2 C3 C4 C5 C6 C7 - C8 C9 CA CB CC CD CE CF
00D0: D0 D1 D2 D3 D4 D5 D6 D7 - D8 D9 DA DB DC DD DE DF
00E0: E0 E1 E2 E3 E4 E5 E6 E7 - E8 E9 EA EB EC ED EE EF
00F0: F0 F1 F2 F3 F4 F5 F6 F7 - F8 F9 FA FB FC FD FE FF
3s...      2s...      1s...      0s...                 
PROGRESS CODE: V3020003 I0
Loading PEIM CDE00011-3212-4114-8E7E-7BDE2BFE14BC
Loading PEIM at 0x0007A51E000 EntryPoint=0x0007A51E320 CdeLoadOptionsPei.efi
PROGRESS CODE: V3020002 I0
Install PPI: CDE00000-2C09-4284-90F9-9A988ABDF6FB
PROGRESS CODE: V3020003 I0
Loading PEIM AE265864-CF5D-41A8-913D-71C155E76442
Loading PEIM at 0x0007A51B000 EntryPoint=0x0007A51BFDD CpuIoPei.efi
PROGRESS CODE: V3020002 I0
Install PPI: AE265864-CF5D-41A8-913D-71C155E76442
CpuIoPei t:\edk2020-minnowboard20210624_23\overrides\UefiCpuPkg\CpuIoPei\CpuIoPei.c(921)main()0000014341 INFO>WELCOME TO THE JUNGLE
CpuIoPei t:\edk2020-minnowboard20210624_23\overrides\UefiCpuPkg\CpuIoPei\CpuIoPei.c(891)CpuIoInitialize()0000014357 DEBUG_INFO>welcome to the jungle from CpuIoPei
Install PPI: E6AF1F7B-FC3F-46DA-A828-A3B457A44282
PROGRESS CODE: V3020003 I0
Install PPI: AE265864-CF5D-41A8-913D-71C155E76442
CpuIoPei t:\edk2020-minnowboard20210624_23\overrides\UefiCpuPkg\CpuIoPei\CpuIoPei.c(921)main()0000014389 INFO>WELCOME TO THE JUNGLE
CpuIoPei t:\edk2020-minnowboard20210624_23\overrides\UefiCpuPkg\CpuIoPei\CpuIoPei.c(891)CpuIoInitialize()0000014405 DEBUG_INFO>welcome to the jungle from CpuIoPei
CpuIoPei t:\edk2020-minnowboard20210624_23\overrides\UefiCpuPkg\CpuIoPei\CpuIoPei.c(907)CpuIoInitialize()0000014425 DEBUG_INFO>CpuIO PPI has been loaded into memory.  Reinstalled PPI=0x7a51d870
Loading PEIM 24169E35-2454-4940-92BC-82321A2C7562
Loading PEIM at 0x0007A518000 EntryPoint=0x0007A51831D VlvInitPeim.efi
PROGRESS CODE: V3020002 I0
VlvInitPeiEntryPoint start....

------------------------ VLV SSA Platform Policy dump Begin ---------------
Graphics Configuration:
 GttSize : 2 MB
 IgdDvmt50PreAlloc : 2
 PrimaryDisplay : 0
 ApertureSize : 2
 Turbo Enable : 1

------------------------ VLV SSA Platform Policy dump END -----------------
ProgramEcBase Done....
SSASafeConfiguration Done....
Clear Dbuff  to all zero before read 0xFFFFFFFF
PUNIT_ISPSSPM0 value is 0x3000003
ISP Device is enabled by fuse
Iunit Configuration - Start
Default Iunit configure as B0D2F0
Re-Configuring Iunit as B0D2F0
Iunit Configuration - End
InitThermalRegisters Done....
IGD enabled.
IGD Turbo Enable.
PUNIT_BIOS_CONFIG11 = 0x100301C0.
PUNIT_BIOS_CONFIG22 = 0x10030140.
TotalMmioLength:   0x10405000 bytes
GraphicsInit Done....
ProgramGpioNC Done....
Install PPI: 09EA8911-BE0D-4230-A003-EDC693B48E11
Install mVlvPeiInitPpi Done....
PROGRESS CODE: V3020003 I0
DXE IPL Entry
Loading PEIM D6A2CB7F-6A18-4E2F-B43B-9920A733700A
Loading PEIM at 0x0007A4FE000 EntryPoint=0x0007A4FEB94 DxeCore.efi
PROGRESS CODE: V3021001 I0
Loading DXE CORE at 0x0007A4FE000 EntryPoint=0x0007A4FEB94
AddressBits=36 5LevelPaging=0 1GPage=0
Pml5=1 Pml4=1 Pdp=64 TotalPage=66
Install PPI: 605EA650-C65C-42E1-BA80-91A52AB618C6
Notify: PPI Guid: 605EA650-C65C-42E1-BA80-91A52AB618C6, Peim notify entry point: 7AD9A4CC
Notify: PPI Guid: 605EA650-C65C-42E1-BA80-91A52AB618C6, Peim notify entry point: 7AD94904
Memory TOLM: A8000000
PCIE OSBASE: E0000000
PCIE   BASE: E0000000     Size : 4000000
PCI32  BASE: A8000000     Limit: DFFFFFFF
PCI64  BASE: F00000000     Limit: FFFFFFFFF
UC    START: F00000000     End  : 1000000000
HandOffToDxeCore() Stack Base: 0x7A4DE000, Stack Size: 0x20000
    PDB = c:\work\mnw2\Build\Vlv2TbltDevicePkg\DEBUG_VS2015x86\X64\Vlv2DeviceRefCodePkg\ValleyView2Soc\SouthCluster\S3Support\Dxe\PchS3Support\DEBUG\PchS3SupportDxe.pdb
SmmControlDriverEntryInit() Start
SmmControlDriverEntryInit() End
InitializePchReset() Start
InitializePchReset() End
InstallPchSpi() Start
InstallPchSpi() End


----------------
cdeWelcomeDxe//t:\edk2020-minnowboard20210624_23\CdePkg\CdeWelcome\main.c(78): INTRODUCTION: "CDETRACE" macro. ->
 Parameters are typechecked at build time by compilers from GNU, MICROSOFT and others during 2015 to 2021 
Printing 256 bytes of initilaized memory in a "dump"-format:
0000: 00 01 02 03 04 05 06 07 - 08 09 0A 0B 0C 0D 0E 0F
0010: 10 11 12 13 14 15 16 17 - 18 19 1A 1B 1C 1D 1E 1F
0020: 20 21 22 23 24 25 26 27 - 28 29 2A 2B 2C 2D 2E 2F
0030: 30 31 32 33 34 35 36 37 - 38 39 3A 3B 3C 3D 3E 3F
0040: 40 41 42 43 44 45 46 47 - 48 49 4A 4B 4C 4D 4E 4F
0050: 50 51 52 53 54 55 56 57 - 58 59 5A 5B 5C 5D 5E 5F
0060: 60 61 62 63 64 65 66 67 - 68 69 6A 6B 6C 6D 6E 6F
0070: 70 71 72 73 74 75 76 77 - 78 79 7A 7B 7C 7D 7E 7F
0080: 80 81 82 83 84 85 86 87 - 88 89 8A 8B 8C 8D 8E 8F
0090: 90 91 92 93 94 95 96 97 - 98 99 9A 9B 9C 9D 9E 9F
00A0: A0 A1 A2 A3 A4 A5 A6 A7 - A8 A9 AA AB AC AD AE AF
00B0: B0 B1 B2 B3 B4 B5 B6 B7 - B8 B9 BA BB BC BD BE BF
00C0: C0 C1 C2 C3 C4 C5 C6 C7 - C8 C9 CA CB CC CD CE CF
00D0: D0 D1 D2 D3 D4 D5 D6 D7 - D8 D9 DA DB DC DD DE DF
00E0: E0 E1 E2 E3 E4 E5 E6 E7 - E8 E9 EA EB EC ED EE EF
00F0: F0 F1 F2 F3 F4 F5 F6 F7 - F8 F9 FA FB FC FD FE FF
3s...      2s...      1s...      0s...                 
InitializePchSmbus() Start
InitializePchSmbus() End
 Allocating PCI space from 0x80000000 to 0xDFFFFFFF
SMRAM Map Buffer too small
SMRAM Map Buffer installed complet
SMRAM Map Buffer too small
SMRAM Map Buffer installed complet
SMRAM Map Buffer too small
SMRAM Map Buffer installed complet
SMRAM Map Buffer too small
SMRAM Map Buffer installed complet
SMRAM Map Buffer too small
SMRAM Map Buffer installed complet
SMRAM Map Buffer too small
SMRAM Map Buffer installed complet
SmmLockBoxSmmLib SmmLockBoxSmmConstructor - Enter
SmmLockBoxSmmLib SmmLockBoxContext - 7B6B42B0
SmmLockBoxSmmLib LockBoxDataAddress - 7B6B4020
SmmLockBoxSmmLib SmmLockBoxSmmConstructor - Exit
SMRAM Map Buffer too small
SMRAM Map Buffer installed complet
SMRAM Map Buffer too small
SMRAM Map Buffer installed complet
SMRAM Map Buffer too small
SMRAM Map Buffer installed complet
SMRAM Map Buffer too small
SMRAM Map Buffer installed complet
SMRAM Map Buffer too small
SMRAM Map Buffer installed complet


----------------
cdeWelcomeSmm//t:\edk2020-minnowboard20210624_23\CdePkg\CdeWelcome\main.c(78): INTRODUCTION: "CDETRACE" macro. ->
 Parameters are typechecked at build time by compilers from GNU, MICROSOFT and others during 2015 to 2021 
Printing 256 bytes of initilaized memory in a "dump"-format:
0000: 00 01 02 03 04 05 06 07 - 08 09 0A 0B 0C 0D 0E 0F
0010: 10 11 12 13 14 15 16 17 - 18 19 1A 1B 1C 1D 1E 1F
0020: 20 21 22 23 24 25 26 27 - 28 29 2A 2B 2C 2D 2E 2F
0030: 30 31 32 33 34 35 36 37 - 38 39 3A 3B 3C 3D 3E 3F
0040: 40 41 42 43 44 45 46 47 - 48 49 4A 4B 4C 4D 4E 4F
0050: 50 51 52 53 54 55 56 57 - 58 59 5A 5B 5C 5D 5E 5F
0060: 60 61 62 63 64 65 66 67 - 68 69 6A 6B 6C 6D 6E 6F
0070: 70 71 72 73 74 75 76 77 - 78 79 7A 7B 7C 7D 7E 7F
0080: 80 81 82 83 84 85 86 87 - 88 89 8A 8B 8C 8D 8E 8F
0090: 90 91 92 93 94 95 96 97 - 98 99 9A 9B 9C 9D 9E 9F
00A0: A0 A1 A2 A3 A4 A5 A6 A7 - A8 A9 AA AB AC AD AE AF
00B0: B0 B1 B2 B3 B4 B5 B6 B7 - B8 B9 BA BB BC BD BE BF
00C0: C0 C1 C2 C3 C4 C5 C6 C7 - C8 C9 CA CB CC CD CE CF
00D0: D0 D1 D2 D3 D4 D5 D6 D7 - D8 D9 DA DB DC DD DE DF
00E0: E0 E1 E2 E3 E4 E5 E6 E7 - E8 E9 EA EB EC ED EE EF
00F0: F0 F1 F2 F3 F4 F5 F6 F7 - F8 F9 FA FB FC FD FE FF
3s...      2s...      1s...      0s...                 
SMRAM Map Buffer too small
SMRAM Map Buffer installed complet
SMRAM Map Buffer too small
SMRAM Map Buffer installed complet
SMRAM Map Buffer too small
SMRAM Map Buffer installed complet
SMRAM Map Buffer too small
SMRAM Map Buffer installed complet
SMRAM Map Buffer too small
SMRAM Map Buffer installed complet
SMRAM Map Buffer too small
SMRAM Map Buffer installed complet
SMRAM Map Buffer too small
SMRAM Map Buffer installed complet
Config PnpSetting Start !!!
Bx PNP Power & Performance table
PnpDxe Power & Performance
Output PwrPerf Register: PortID: 0x0, Offset:0x18, Field[22:22], Value:       1. Result:       1
Output PwrPerf Register: PortID: 0x0, Offset:0x18, Field[21:21], Value:       1. Result:       1
Output PwrPerf Register: PortID: 0x0, Offset:0x18, Field[20:20], Value:       1. Result:       1
Output PwrPerf Register: PortID: 0x0, Offset:0x18, Field[19:19], Value:       1. Result:       1
Output PwrPerf Register: PortID: 0x0, Offset:0x18, Field[18:18], Value:       1. Result:       1
Output PwrPerf Register: PortID: 0x0, Offset:0x18, Field[17:17], Value:       1. Result:       1
Output PwrPerf Register: PortID: 0x0, Offset:0x18, Field[16:16], Value:       1. Result:       1
Output PwrPerf Register: PortID: 0x0, Offset:0x18, Field[15:15], Value:       1. Result:       1
Output PwrPerf Register: PortID: 0x0, Offset:0x18, Field[14:14], Value:       1. Result:       1
Output PwrPerf Register: PortID: 0x0, Offset:0x18, Field[12:12], Value:       1. Result:       1
Output PwrPerf Register: PortID: 0x0, Offset:0x18, Field[11:11], Value:       1. Result:       1
Output PwrPerf Register: PortID: 0x0, Offset:0x18, Field[10:10], Value:       1. Result:       1
Output PwrPerf Register: PortID: 0x0, Offset:0x18, Field[ 9: 9], Value:       1. Result:       1
Output PwrPerf Register: PortID: 0x0, Offset:0x18, Field[ 8: 8], Value:       1. Result:       1
Output PwrPerf Register: PortID: 0x0, Offset:0x18, Field[ 7: 7], Value:       1. Result:       1
Output PwrPerf Register: PortID: 0x0, Offset:0x18, Field[ 6: 6], Value:       1. Result:       1
Output PwrPerf Register: PortID: 0x0, Offset:0x18, Field[ 5: 5], Value:       1. Result:       1
Output PwrPerf Register: PortID: 0x0, Offset:0x18, Field[ 4: 4], Value:       1. Result:       1
Output PwrPerf Register: PortID: 0x0, Offset:0x18, Field[ 3: 3], Value:       1. Result:       1
Output PwrPerf Register: PortID: 0x0, Offset:0x18, Field[ 2: 2], Value:       1. Result:       1
Output PwrPerf Register: PortID: 0x0, Offset:0x18, Field[ 1: 1], Value:       1. Result:       1
Output PwrPerf Register: PortID: 0x0, Offset:0x18, Field[ 0: 0], Value:       1. Result:       1
Output PwrPerf Register: PortID: 0x0, Offset:0x20, Field[26:24], Value:       2. Result:       2
Output PwrPerf Register: PortID: 0x0, Offset:0x20, Field[ 8: 0], Value:       1. Result:       1
Output PwrPerf Register: PortID: 0x0, Offset:0x21, Field[31:31], Value:       1. Result:       1
Output PwrPerf Register: PortID: 0x0, Offset:0x21, Field[ 8: 8], Value:       0. Result:       0
Output PwrPerf Register: PortID: 0x0, Offset:0xC0, Field[11: 8], Value:       4. Result:       4
Output PwrPerf Register: PortID: 0x0, Offset:0xC0, Field[ 7: 4], Value:       4. Result:       4
Output PwrPerf Register: PortID: 0x0, Offset:0xC0, Field[ 3: 0], Value:       4. Result:       4
Output PwrPerf Register: PortID: 0x3, Offset:0x3, Field[29:24], Value:       4. Result:       4
Output PwrPerf Register: PortID: 0x3, Offset:0x3, Field[21:16], Value:       4. Result:       4
Output PwrPerf Register: PortID: 0x3, Offset:0x3, Field[13: 8], Value:       4. Result:       4
Output PwrPerf Register: PortID: 0x3, Offset:0x3, Field[ 5: 0], Value:       4. Result:       4
Output PwrPerf Register: PortID: 0x3, Offset:0x4, Field[29:24], Value:       4. Result:       4
Output PwrPerf Register: PortID: 0x3, Offset:0x4, Field[21:16], Value:       4. Result:       4
Output PwrPerf Register: PortID: 0x3, Offset:0x4, Field[13: 8], Value:       4. Result:       4
Output PwrPerf Register: PortID: 0x3, Offset:0x4, Field[ 5: 0], Value:       4. Result:       4
Output PwrPerf Register: PortID: 0x3, Offset:0x5, Field[21:16], Value:       4. Result:       4
Output PwrPerf Register: PortID: 0x3, Offset:0x5, Field[13: 8], Value:       4. Result:       4
Output PwrPerf Register: PortID: 0x3, Offset:0x5, Field[ 5: 0], Value:       8. Result:       8
Output PwrPerf Register: PortID: 0x3, Offset:0x7, Field[31:24], Value:      20. Result:      20
Output PwrPerf Register: PortID: 0x3, Offset:0x7, Field[15: 8], Value:       A. Result:       A
Output PwrPerf Register: PortID: 0x3, Offset:0x7, Field[ 7: 0], Value:      10. Result:      10
Output PwrPerf Register: PortID: 0x3, Offset:0x8, Field[23: 0], Value:       0. Result:       0
Output PwrPerf Register: PortID: 0x3, Offset:0x9, Field[23: 0], Value:  3FFFFC. Result:  3FFFFC
Output PwrPerf Register: PortID: 0x3, Offset:0xA, Field[ 9: 0], Value:      80. Result:      80
Output PwrPerf Register: PortID: 0x3, Offset:0xB, Field[29:24], Value:      1F. Result:      1F
Output PwrPerf Register: PortID: 0x3, Offset:0xB, Field[21:16], Value:      2F. Result:      2F
Output PwrPerf Register: PortID: 0x3, Offset:0xB, Field[13: 8], Value:      2F. Result:      2F
Output PwrPerf Register: PortID: 0x3, Offset:0xB, Field[ 5: 0], Value:      2F. Result:      2F
Output PwrPerf Register: PortID: 0x3, Offset:0xC, Field[29:24], Value:      2F. Result:      2F
Output PwrPerf Register: PortID: 0x3, Offset:0xC, Field[21:16], Value:      2F. Result:      2F
Output PwrPerf Register: PortID: 0x3, Offset:0xC, Field[13: 8], Value:      2F. Result:      2F
Output PwrPerf Register: PortID: 0x3, Offset:0xC, Field[ 5: 0], Value:      2B. Result:      2B
Output PwrPerf Register: PortID: 0x3, Offset:0xD, Field[21:16], Value:      2F. Result:      2F
Output PwrPerf Register: PortID: 0x3, Offset:0xD, Field[13: 8], Value:      2F. Result:      2F
Output PwrPerf Register: PortID: 0x3, Offset:0xD, Field[ 5: 0], Value:      2F. Result:      2F
Output PwrPerf Register: PortID: 0x3, Offset:0xF, Field[29:28], Value:       0. Result:       0
Output PwrPerf Register: PortID: 0x3, Offset:0xF, Field[25:24], Value:       0. Result:       0
Output PwrPerf Register: PortID: 0x3, Offset:0xF, Field[21:20], Value:       0. Result:       0
Output PwrPerf Register: PortID: 0x3, Offset:0xF, Field[17:16], Value:       0. Result:       0
Output PwrPerf Register: PortID: 0x3, Offset:0xF, Field[13:12], Value:       0. Result:       0
Output PwrPerf Register: PortID: 0x3, Offset:0xF, Field[ 9: 8], Value:       0. Result:       0
Output PwrPerf Register: PortID: 0x3, Offset:0xF, Field[ 5: 4], Value:       0. Result:       0
Output PwrPerf Register: PortID: 0x3, Offset:0xF, Field[ 1: 0], Value:       0. Result:       0
Output PwrPerf Register: PortID: 0x3, Offset:0x10, Field[ 9: 8], Value:       0. Result:       0
Output PwrPerf Register: PortID: 0x3, Offset:0x10, Field[ 5: 4], Value:       0. Result:       0
Output PwrPerf Register: PortID: 0x3, Offset:0x10, Field[ 1: 0], Value:       0. Result:       0
Output PwrPerf Register: PortID: 0x3, Offset:0x11, Field[31:22], Value:      20. Result:      20
Output PwrPerf Register: PortID: 0x3, Offset:0x11, Field[18:18], Value:       1. Result:       1
Output PwrPerf Register: PortID: 0x3, Offset:0x11, Field[17:12], Value:       4. Result:       4
Output PwrPerf Register: PortID: 0x3, Offset:0x11, Field[11: 8], Value:       8. Result:       8
Output PwrPerf Register: PortID: 0x3, Offset:0x12, Field[31:30], Value:       0. Result:       0
Output PwrPerf Register: PortID: 0x3, Offset:0x12, Field[29:28], Value:       0. Result:       0
Output PwrPerf Register: PortID: 0x3, Offset:0x12, Field[27:26], Value:       0. Result:       0
Output PwrPerf Register: PortID: 0x3, Offset:0x12, Field[25:24], Value:       0. Result:       0
Output PwrPerf Register: PortID: 0x3, Offset:0x12, Field[23:22], Value:       0. Result:       0
Output PwrPerf Register: PortID: 0x3, Offset:0x12, Field[21:20], Value:       0. Result:       0
Output PwrPerf Register: PortID: 0x3, Offset:0x12, Field[19:18], Value:       0. Result:       0
Output PwrPerf Register: PortID: 0x3, Offset:0x12, Field[17:16], Value:       1. Result:       1
Output PwrPerf Register: PortID: 0x3, Offset:0x12, Field[15:14], Value:       0. Result:       0
Output PwrPerf Register: PortID: 0x3, Offset:0x12, Field[13:12], Value:       0. Result:       0
Output PwrPerf Register: PortID: 0x3, Offset:0x12, Field[11:10], Value:       1. Result:       1
Output PwrPerf Register: PortID: 0x3, Offset:0x12, Field[ 9: 8], Value:       1. Result:       1
Output PwrPerf Register: PortID: 0x3, Offset:0x12, Field[ 7: 6], Value:       0. Result:       0
Output PwrPerf Register: PortID: 0x3, Offset:0x12, Field[ 5: 4], Value:       0. Result:       0
Output PwrPerf Register: PortID: 0x3, Offset:0x12, Field[ 3: 2], Value:       0. Result:       0
Output PwrPerf Register: PortID: 0x3, Offset:0x12, Field[ 1: 0], Value:       0. Result:       0
Output PwrPerf Register: PortID: 0x3, Offset:0x14, Field[31:31], Value:       0. Result:       0
Output PwrPerf Register: PortID: 0x3, Offset:0x14, Field[30:30], Value:       0. Result:       0
Output PwrPerf Register: PortID: 0x3, Offset:0x14, Field[13: 8], Value:       8. Result:       8
Output PwrPerf Register: PortID: 0x3, Offset:0x14, Field[ 5: 0], Value:      10. Result:      10
Output PwrPerf Register: PortID: 0x3, Offset:0x16, Field[31:31], Value:       0. Result:       0
Output PwrPerf Register: PortID: 0x3, Offset:0x16, Field[13: 8], Value:      3F. Result:      3F
Output PwrPerf Register: PortID: 0x3, Offset:0x16, Field[ 5: 0], Value:       8. Result:       8
Output PwrPerf Register: PortID: 0x3, Offset:0x18, Field[31:24], Value:      20. Result:      20
Output PwrPerf Register: PortID: 0x3, Offset:0x18, Field[23:21], Value:       6. Result:       6
Output PwrPerf Register: PortID: 0x3, Offset:0x18, Field[13: 7], Value:       0. Result:       0
Output PwrPerf Register: PortID: 0x3, Offset:0x18, Field[ 6: 0], Value:      20. Result:      20
Output PwrPerf Register: PortID: 0x3, Offset:0x3B, Field[23:16], Value:       4. Result:       4
Output PwrPerf Register: PortID: 0x3, Offset:0x3B, Field[ 9: 9], Value:       0. Result:       0
Output PwrPerf Register: PortID: 0x3, Offset:0x3B, Field[ 7: 0], Value:       A. Result:       A
Output PwrPerf Register: PortID: 0x3, Offset:0x3C, Field[31:16], Value:    FFFF. Result:    FFFF
Output PwrPerf Register: PortID: 0x3, Offset:0x3C, Field[ 2: 2], Value:       0. Result:       0
Output PwrPerf Register: PortID: 0x3, Offset:0x3C, Field[ 1: 1], Value:       0. Result:       0
Output PwrPerf Register: PortID: 0x3, Offset:0x3D, Field[14:14], Value:       1. Result:       1
Output PwrPerf Register: PortID: 0x3, Offset:0x3D, Field[13:13], Value:       0. Result:       0
Output PwrPerf Register: PortID: 0x3, Offset:0x3D, Field[12:12], Value:       0. Result:       0
Output PwrPerf Register: PortID: 0x3, Offset:0x3D, Field[11:11], Value:       0. Result:       0
Output PwrPerf Register: PortID: 0x3, Offset:0x3D, Field[ 8: 8], Value:       0. Result:       0
Output PwrPerf Register: PortID: 0x3, Offset:0x3D, Field[ 7: 7], Value:       0. Result:       0
Output PwrPerf Register: PortID: 0x3, Offset:0x3D, Field[ 6: 6], Value:       0. Result:       0
Output PwrPerf Register: PortID: 0x3, Offset:0x3D, Field[ 5: 5], Value:       0. Result:       0
Output PwrPerf Register: PortID: 0x3, Offset:0x3D, Field[ 2: 2], Value:       1. Result:       1
Output PwrPerf Register: PortID: 0x3, Offset:0x3D, Field[ 1: 1], Value:       1. Result:       1
Output PwrPerf Register: PortID: 0x3, Offset:0x3D, Field[ 0: 0], Value:       1. Result:       1
Output PwrPerf Register: PortID: 0x3, Offset:0x3E, Field[31:16], Value:       0. Result:       0
Output PwrPerf Register: PortID: 0x3, Offset:0x3E, Field[ 7: 0], Value:       0. Result:       0
Output PwrPerf Register: PortID: 0x3, Offset:0x3F, Field[31:24], Value:      FF. Result:      FF
Output PwrPerf Register: PortID: 0x3, Offset:0x3F, Field[23:16], Value:      FF. Result:      FF
Output PwrPerf Register: PortID: 0x3, Offset:0x3F, Field[15: 8], Value:      FF. Result:      FF
Output PwrPerf Register: PortID: 0x3, Offset:0x3F, Field[ 7: 0], Value:      FF. Result:      FF
Output PwrPerf Register: PortID: 0x2, Offset:0x3, Field[20:20], Value:       1. Result:       1
Output PwrPerf Register: PortID: 0x2, Offset:0x3, Field[19:19], Value:       0. Result:       0
Output PwrPerf Register: PortID: 0x2, Offset:0x3, Field[18:18], Value:       0. Result:       0
Output PwrPerf Register: PortID: 0x2, Offset:0x3, Field[17:17], Value:       0. Result:       0
Output PwrPerf Register: PortID: 0x2, Offset:0x3, Field[16:16], Value:       1. Result:       1
Output PwrPerf Register: PortID: 0x2, Offset:0x3, Field[15:15], Value:       0. Result:       0
Output PwrPerf Register: PortID: 0x2, Offset:0x3, Field[10:10], Value:       1. Result:       1
Output PwrPerf Register: PortID: 0x2, Offset:0x3, Field[ 3: 3], Value:       0. Result:       0
Output PwrPerf Register: PortID: 0x2, Offset:0x3, Field[ 2: 2], Value:       0. Result:       0
Output PwrPerf Register: PortID: 0x2, Offset:0x4, Field[18:18], Value:       1. Result:       1
Output PwrPerf Register: PortID: 0x2, Offset:0x4, Field[ 4: 1], Value:       8. Result:       8
Output PwrPerf Register: PortID: 0x2, Offset:0x4, Field[ 0: 0], Value:       0. Result:       0
Output PwrPerf Register: PortID: 0x2, Offset:0x5, Field[27:27], Value:       1. Result:       1
Output PwrPerf Register: PortID: 0x2, Offset:0x5, Field[26:26], Value:       1. Result:       1
Output PwrPerf Register: PortID: 0x2, Offset:0x5, Field[25:25], Value:       1. Result:       1
Output PwrPerf Register: PortID: 0x2, Offset:0x5, Field[24:24], Value:       1. Result:       1
Output PwrPerf Register: PortID: 0x2, Offset:0x5, Field[23:23], Value:       1. Result:       1
Output PwrPerf Register: PortID: 0x2, Offset:0x5, Field[22:22], Value:       1. Result:       1
Output PwrPerf Register: PortID: 0x2, Offset:0x5, Field[21:21], Value:       1. Result:       1
Output PwrPerf Register: PortID: 0x2, Offset:0x5, Field[20:20], Value:       1. Result:       1
Output PwrPerf Register: PortID: 0x2, Offset:0x5, Field[19:19], Value:       1. Result:       1
Output PwrPerf Register: PortID: 0x2, Offset:0x5, Field[18:18], Value:       1. Result:       1
Output PwrPerf Register: PortID: 0x2, Offset:0x5, Field[17:17], Value:       1. Result:       1
Output PwrPerf Register: PortID: 0x2, Offset:0x5, Field[16:16], Value:       1. Result:       1
Output PwrPerf Register: PortID: 0x2, Offset:0x5, Field[15:15], Value:       1. Result:       1
Output PwrPerf Register: PortID: 0x2, Offset:0x5, Field[14:14], Value:       1. Result:       1
Output PwrPerf Register: PortID: 0x2, Offset:0x5, Field[13:13], Value:       1. Result:       1
Output PwrPerf Register: PortID: 0x2, Offset:0x5, Field[12:12], Value:       1. Result:       1
Output PwrPerf Register: PortID: 0x2, Offset:0x5, Field[11:11], Value:       1. Result:       1
Output PwrPerf Register: PortID: 0x2, Offset:0x5, Field[10:10], Value:       1. Result:       1
Output PwrPerf Register: PortID: 0x2, Offset:0x5, Field[ 9: 9], Value:       1. Result:       1
Output PwrPerf Register: PortID: 0x2, Offset:0x5, Field[ 8: 8], Value:       1. Result:       1
Output PwrPerf Register: PortID: 0x2, Offset:0x5, Field[ 7: 7], Value:       1. Result:       1
Output PwrPerf Register: PortID: 0x2, Offset:0x5, Field[ 6: 6], Value:       1. Result:       1
Output PwrPerf Register: PortID: 0x2, Offset:0x5, Field[ 5: 5], Value:       1. Result:       1
Output PwrPerf Register: PortID: 0x2, Offset:0x5, Field[ 4: 4], Value:       1. Result:       1
Output PwrPerf Register: PortID: 0x2, Offset:0x5, Field[ 3: 3], Value:       1. Result:       1
Output PwrPerf Register: PortID: 0x2, Offset:0x5, Field[ 2: 2], Value:       1. Result:       1
Output PwrPerf Register: PortID: 0x2, Offset:0x5, Field[ 1: 1], Value:       1. Result:       1
Output PwrPerf Register: PortID: 0x2, Offset:0x5, Field[ 0: 0], Value:       1. Result:       1
Output PwrPerf Register: PortID: 0x58, Offset:0x40, Field[ 4: 4], Value:       0. Result:       0
Output PwrPerf Register: PortID: 0x58, Offset:0x40, Field[ 4: 4], Value:       0. Result:       0
Output PwrPerf Register: PortID: 0x58, Offset:0x40, Field[ 4: 4], Value:       0. Result:       0
Output PwrPerf Register: PortID: 0x55, Offset:0x54, Field[ 1: 0], Value:       0. Result:       0
Output PwrPerf Register: PortID: 0x55, Offset:0xFC, Field[17:17], Value:       0. Result:       0
Output PwrPerf Register: PortID: 0x55, Offset:0xFC, Field[ 9: 9], Value:       0. Result:       0
Output PwrPerf Register: PortID: 0xA2, Offset:0xC000, Field[ 0: 0], Value:       0. Result:       0
Output PwrPerf Register: PortID: 0x47, Offset:0xC000, Field[ 0: 0], Value:       0. Result:       0
Output PwrPerf Register: PortID: 0x45, Offset:0xC000, Field[ 0: 0], Value:       0. Result:       0
Output PwrPerf Register: PortID: 0x46, Offset:0xC000, Field[ 0: 0], Value:       0. Result:       0
Output PwrPerf Register: PortID: 0x4, Offset:0x0, Field[11:11], Value:       1. Result:       1
Output PwrPerf Register: PortID: 0x4, Offset:0x0, Field[10:10], Value:       1. Result:       1
Output PwrPerf Register: PortID: 0x58, Offset:0x1E0, Field[ 4: 4], Value:       1. Result:       1
Output PwrPerf Register: PortID: 0x58, Offset:0x1E0, Field[ 0: 0], Value:       0. Result:       0
Output PwrPerf Register: PortID: 0x58, Offset:0x1E0, Field[ 5: 5], Value:       1. Result:       1
Output PwrPerf Register: PortID: 0x58, Offset:0x1E0, Field[ 3: 3], Value:       1. Result:       1
Output PwrPerf Register: PortID: 0x58, Offset:0x1E0, Field[ 1: 1], Value:       1. Result:       1
Output PwrPerf Register: PortID: 0x58, Offset:0x1E0, Field[ 2: 2], Value:       1. Result:       1
Output PwrPerf Register: PortID: 0xA9, Offset:0x28, Field[31: 0], Value:       0. Result:       0
Output PwrPerf Register: PortID: 0xA9, Offset:0x38, Field[31: 0], Value:       0. Result:       0
Output PwrPerf Register: PortID: 0xA9, Offset:0x1C, Field[29:28], Value:       0. Result:       0
Output PwrPerf Register: PortID: 0xA9, Offset:0x1C, Field[25:24], Value:       0. Result:       0
Output PwrPerf Register: PortID: 0xA9, Offset:0x1C, Field[ 1: 0], Value:       0. Result:       0
Output PwrPerf Register: PortID: 0xA9, Offset:0x54, Field[17:16], Value:       0. Result:       0
Output PwrPerf Register: PortID: 0xA9, Offset:0x54, Field[13:12], Value:       0. Result:       0
Output PwrPerf Register: PortID: 0xA9, Offset:0x54, Field[15:14], Value:       0. Result:       0
Output PwrPerf Register: PortID: 0xA9, Offset:0x54, Field[26:24], Value:       0. Result:       0
Output PwrPerf Register: PortID: 0xA9, Offset:0x24, Field[24:20], Value:       0. Result:      1F
Output PwrPerf Register: PortID: 0x59, Offset:0x1E0, Field[ 4: 4], Value:       1. Result:       0
Output PwrPerf Register: PortID: 0x59, Offset:0x1E0, Field[ 0: 0], Value:       1. Result:       0
Output PwrPerf Register: PortID: 0x59, Offset:0x1E0, Field[ 5: 5], Value:       1. Result:       0
Output PwrPerf Register: PortID: 0x59, Offset:0x1E0, Field[ 3: 3], Value:       1. Result:       0
Output PwrPerf Register: PortID: 0x59, Offset:0x1E0, Field[ 1: 1], Value:       1. Result:       0
Output PwrPerf Register: PortID: 0x59, Offset:0x1E0, Field[ 2: 2], Value:       1. Result:       0
Output PwrPerf Register: PortID: 0x5A, Offset:0xD0, Field[ 8: 0], Value:      3F. Result:       0
Output PwrPerf Register: PortID: 0x5A, Offset:0x40, Field[21:19], Value:       6. Result:       0
Output PwrPerf Register: PortID: 0x5A, Offset:0x40, Field[10: 8], Value:       1. Result:       0
Output PwrPerf Register: PortID: 0x5A, Offset:0x40, Field[18:18], Value:       1. Result:       0
Output PwrPerf Register: PortID: 0x5A, Offset:0x50, Field[ 3: 3], Value:       1. Result:       0
Output PwrPerf Register: PortID: 0x5A, Offset:0x50, Field[ 0: 0], Value:       1. Result:       0
Output PwrPerf Register: PortID: 0x5A, Offset:0x50, Field[ 1: 1], Value:       1. Result:       0
Output PwrPerf Register: PortID: 0x5A, Offset:0x50, Field[ 2: 2], Value:       1. Result:       0
Output PwrPerf Register: PortID: 0x5A, Offset:0x50, Field[ 7: 5], Value:       2. Result:       0
Output PwrPerf Register: PortID: 0x5A, Offset:0x50, Field[13:13], Value:       1. Result:       0
Output PwrPerf Register: PortID: 0x5A, Offset:0x50, Field[ 4: 4], Value:       1. Result:       0
Output PwrPerf Register: PortID: 0x5A, Offset:0x50, Field[14:14], Value:       1. Result:       0
Output PwrPerf Register: PortID: 0x5A, Offset:0x50, Field[12:12], Value:       0. Result:       0
Output PwrPerf Register: PortID: 0x5A, Offset:0x50, Field[11:10], Value:       3. Result:       0
Output PwrPerf Register: PortID: 0x48, Offset:0x4900, Field[16:16], Value:       1. Result:       1
Output PwrPerf Register: PortID: 0xA8, Offset:0x4900, Field[16:16], Value:       1. Result:       0
Output PwrPerf Register: PortID: 0xA0, Offset:0x180, Field[ 1: 1], Value:       1. Result:       1
Output PwrPerf Register: PortID: 0xA0, Offset:0x180, Field[ 4: 4], Value:       1. Result:       1
Output PwrPerf Register: PortID: 0xA0, Offset:0x180, Field[ 0: 0], Value:       1. Result:       1
Output PwrPerf Register: PortID: 0xA0, Offset:0x180, Field[ 3: 3], Value:       1. Result:       1
Output PwrPerf Register: PortID: 0xA0, Offset:0x180, Field[ 5: 5], Value:       1. Result:       1
Output PwrPerf Register: PortID: 0xA0, Offset:0x180, Field[ 2: 2], Value:       1. Result:       1
Output PwrPerf Register: PortID: 0x63, Offset:0x600, Field[31:15], Value:       5. Result:       5
Output PwrPerf Register: PortID: 0x63, Offset:0x1E0, Field[ 4: 4], Value:       1. Result:       1
Output PwrPerf Register: PortID: 0x63, Offset:0x1E0, Field[ 0: 0], Value:       1. Result:       1
Output PwrPerf Register: PortID: 0x63, Offset:0x1E0, Field[ 5: 5], Value:       1. Result:       1
Output PwrPerf Register: PortID: 0x63, Offset:0x1E0, Field[ 3: 3], Value:       1. Result:       1
Output PwrPerf Register: PortID: 0x63, Offset:0x1E0, Field[ 1: 1], Value:       1. Result:       1
Output PwrPerf Register: PortID: 0x63, Offset:0x1E0, Field[ 2: 2], Value:       1. Result:       1
Output PwrPerf Register: PortID: 0x44, Offset:0x88, Field[ 7: 7], Value:       0. Result:       0
Output PwrPerf Register: PortID: 0x44, Offset:0x88, Field[ 1: 1], Value:       0. Result:       0
Output PwrPerf Register: PortID: 0x44, Offset:0x88, Field[ 2: 2], Value:       0. Result:       0
Output PwrPerf Register: PortID: 0x44, Offset:0x88, Field[ 3: 3], Value:       0. Result:       0
Output PwrPerf Register: PortID: 0x44, Offset:0x88, Field[ 4: 4], Value:       0. Result:       0
Output PwrPerf Register: PortID: 0x44, Offset:0x88, Field[ 6: 6], Value:       0. Result:       0
Output PwrPerf Register: PortID: 0x44, Offset:0x88, Field[ 5: 5], Value:       0. Result:       0
Output PwrPerf Register: PortID: 0x44, Offset:0x88, Field[ 0: 0], Value:       0. Result:       0
Config PnpSetting End !!!
SMRAM Map Buffer too small
SMRAM Map Buffer installed complet
SMRAM Map Buffer too small
SMRAM Map Buffer installed complet
SmmLockBoxSmmLib SmmLockBoxSmmConstructor - Enter
SmmLockBoxSmmLib SmmLockBoxContext - already installed
SmmLockBoxSmmLib SmmLockBoxSmmConstructor - Exit


   ==  ==  CreateFvidTable  ==  ==

BusRatioRange:[0007]      StepSize:[0001]      Turbo:[0000]
NumberOfStates:[0008]
BusRatioRange:[0007]      StepSize:[0001]      Turbo:[0000]
FVID[0].FvidHeader.MaxVid = 3E
FVID[0].FvidHeader.MaxBusRatio = B
FVID[0].FvidHeader.Gv3States = 8

FVID[01].State = 0
FVID[01].BusRatio = B
FVID[01].vid = 3E
FVID[01].Power = 7D0


	-->REST of VID ENTRY
FVID[02].State = 1
FVID[02].BusRatio = A
FVID[02].Vid = 3C
FVID[02].Power = 708

FVID[03].State = 2
FVID[03].BusRatio = 9
FVID[03].Vid = 39
FVID[03].Power = 640

FVID[04].State = 3
FVID[04].BusRatio = 8
FVID[04].Vid = 37
FVID[04].Power = 578

FVID[05].State = 4
FVID[05].BusRatio = 7
FVID[05].Vid = 34
FVID[05].Power = 4B0

FVID[06].State = 5
FVID[06].BusRatio = 6
FVID[06].Vid = 32
FVID[06].Power = 3E8

FVID[07].State = 6
FVID[07].BusRatio = 5
FVID[07].Vid = 2F
FVID[07].Power = 320

FVID[08].State = 7
FVID[08].BusRatio = 4
FVID[08].Vid = 2C
FVID[08].Power = 258



InitializePpmAcpiTable(): InstallAcpiTable()
InitializePpmAcpiTable(): InstallAcpiTable() Success
InitializePpmAcpiTable(): InstallAcpiTable()
InitializePpmAcpiTable(): InstallAcpiTable() Success
InitializePpmAcpiTable(): InstallAcpiTable()
InitializePpmAcpiTable(): InstallAcpiTable() Success
SMRAM Map Buffer too small
SMRAM Map Buffer installed complet
Ip4Dxe t:\edk2020-minnowboard20210624_23\overrides\NetworkPkg\Ip4Dxe\Ip4Driver.c(96)main()0000011620 INFO>##################################################################
Ip4Dxe t:\edk2020-minnowboard20210624_23\overrides\NetworkPkg\Ip4Dxe\Ip4Driver.c(97)main()0000011641 INFO>########################## Welcome to the CdePkg Library for UEFI POST drivers
Ip4Dxe t:\edk2020-minnowboard20210624_23\overrides\NetworkPkg\Ip4Dxe\Ip4Driver.c(98)main()0000011663 INFO>##################################################################
Ip4Dxe t:\edk2020-minnowboard20210624_23\overrides\NetworkPkg\Ip4Dxe\Ip4Driver.c(99)main()0000011683 DEBUG_INFO>$$$$$$$$$$$$$$$$$$$$$$$$$$$$$$$$$$$$$$$$$$$$$$$$$$$$$$$$$$$$$$$$$$
Ip4Dxe t:\edk2020-minnowboard20210624_23\overrides\NetworkPkg\Ip4Dxe\Ip4Driver.c(100)main()0000011705 DEBUG_WARN>$$$$$$$$$$$$$$$$$$$$$$$$$$ Welcome from the TIANOCORE DEBUG MACRO 
Ip4Dxe t:\edk2020-minnowboard20210624_23\overrides\NetworkPkg\Ip4Dxe\Ip4Driver.c(101)main()0000011727 DEBUG_ERROR>$$$$$$$$$$$$$$$$$$$$$$$$$$$$$$$$$$$$$$$$$$$$$$$$$$$$$$$$$$$$$$$$$$
SMRAM Map Buffer too small
SMRAM Map Buffer installed complet
SmmLockBoxSmmLib SmmLockBoxSmmConstructor - Enter
SmmLockBoxSmmLib SmmLockBoxContext - already installed
SmmLockBoxSmmLib SmmLockBoxSmmConstructor - Exit
SMRAM Map Buffer too small
SMRAM Map Buffer installed complet
mSmmMemLibInternalMaximumSupportAddress = 0xFFFFFFFFF
PchInitSmmEntryPoint() Start
InitializePchDevice() smm Start
InitializePchDevice() SMM End
PchInitSmmEntryPoint() End
SMRAM Map Buffer too small
SMRAM Map Buffer installed complet
SmmLockBoxSmmLib SmmLockBoxSmmConstructor - Enter
SmmLockBoxSmmLib SmmLockBoxContext - already installed
SmmLockBoxSmmLib SmmLockBoxSmmConstructor - Exit
SMRAM Map Buffer too small
SMRAM Map Buffer installed complet
mSmmMemLibInternalMaximumSupportAddress = 0xFFFFFFFFF
mSmmIoLibInternalMaximumSupportMemAddress = 0xFFFFFFFFF
GraphicsDxeInit SMM - 1
GraphicsDxeInit - SMM - Allocate 4MB for GTTMADDR 
DptfDriverEntry beg=0 end=293 offset=659
DPTF Setup options are invalid. Restoring defaults Dumping DPTF settings in dptf driver...
DPTFEnabled = 1
CpuParticipantCriticalTemperature = 90
CpuParticipantPassiveTemperature = 85
GenParticipant0CriticalTemperature = 70
GenParticipant0PassiveTemperature = 60
GenParticipant1CriticalTemperature = 75
GenParticipant1PassiveTemperature = 55
GenParticipant2CriticalTemperature = 70
GenParticipant2PassiveTemperature = 60
GenParticipant3CriticalTemperature = 75
GenParticipant3PassiveTemperature = 50
GenParticipant4CriticalTemperature = 75
GenParticipant4PassiveTemperature = 50
ClpmSetting = 3
SuperDebug = 0
LPOEnable = 1
LPOStartPState = 1
LPOStepSize = 25
LPOPowerControlSetting = 1
LPOPerformanceControlSetting = 1
bDppmEnabled = 1
SdpProfile = 0
PchInitEntryPoint() Start
PCH Base Addresses:
-------------------
  RCBA     0xFED1C000
  PmcBase  0xFED03000
  IoBase   0xFED0C000
  IlbBase  0xFED08000
  SpiBase  0xFED01000
  MphyBase 0xFEF00000
  AcpiBase 0x400
  GpioBase 0x500
-------------------
InitializePchDevice() Start
ConfigureMiscPm() Start
ConfigureMiscPm() End
ConfigureAdditionalPm() PchPlatformPolicy->EhciPllCfgEnable = 0x1 
ConfigureAdditionalPm() R_IOSF_SPXB_CH1CTRL = 0x1 
ConfigureAdditionalPm() R_IOSF_SPXB_PORTCTL0 = 0x1 
ConfigureAdditionalPm() R_IOSF_SPXB_PORTCTL1 = 0x2 
ConfigureAdditionalPm() R_IOSF_SPXB_PORTCTL2 = 0x0 
ConfigureAdditionalPm() R_IOSF_SPXB_PMCTL = 0x9E 
ConfigureAdditionalPm() EhciPciMmBase = 0xE00E8000 
ConfigureAdditionalPm() R_PCH_EHCI_AFEMCTLTM = 0x0 
ConfigureAdditionalPm() R_PCH_EHCI_PWR_CNTL_STS = 0x8 
ConfigureAdditionalPm() R_PCH_EHCI_CMD_STS = 0x2900400 
ConfigureAdditionalPm() R_PCH_EHCI_LEGEXT_CS = 0x0 
ConfigureMiscItems() Start
ConfigureMiscItems() End
ConfigureAzalia() Start
MCRX = 0
MDR = C0
MCR = 70460F0
MCRX = 0
MDR = 0
MCR = 70460F0
SDI0 has no Azalia device.
SDI1 has no Azalia device.
Detected Azalia Codec with verb table, VendorID = 0x80862882 on SDI2, revision = 0x0.
SDI3 has no Azalia device.
ConfigureAzalia() End
AzaliaEnable = 1 
ConfigureOtg() Start
Putting USB OTG into D3 Hot State.
ConfigureOtg() End
ConfigureUsb() Start
CommonUsbInit() - Start
stepping:0x8, boardid:0xB0 Fabid:0x1
B2 or B2+ SOC on BayleyBay RVP
USB2_PHY USB2_COMPBG:0x4700
USB2PHY reg(0x4100): 0x49A09
USB2PHY reg(0x4122): 0x300401D
USB2PHY reg(0x4200): 0x49A09
USB2PHY reg(0x4222): 0x300401D
USB2PHY reg(0x4300): 0x49209
USB2PHY reg(0x4322): 0x1004015
USB2PHY reg(0x4400): 0x49A09
USB2PHY reg(0x4422): 0x300401D
CCU DIV_CTRL value ->0x3A08, cr_ush_clk_sel bit is 0x0
stepping:0x8, boardid:0xB0 Fabid:0x1
B2 or B2+ SOC on BayleyBay RVP
USB2_PHY USB2_COMPBG:0x4700
USB2PHY reg(0x4100): 0x49A09
USB2PHY reg(0x4122): 0x300401D
USB2PHY reg(0x4200): 0x49A09
USB2PHY reg(0x4222): 0x300401D
USB2PHY reg(0x4300): 0x49209
USB2PHY reg(0x4322): 0x1004015
USB2PHY reg(0x4400): 0x49A09
USB2PHY reg(0x4422): 0x300401D
set Late FID Check Disable:0x501037F
UsbXhciLpmSupport enabled-->XhciM mioBase:0x-2147418112
CDN_PHY R_PCH_CDN_PLL_CONTROL:0x53
CDN_PHY R_PCH_CDN_VCO_START_CALIBRATION_START_POINT:0xA
Ccdrlf_configuration:0x1D46018B
ree_peaking_amp_configuration_and_diagnostic :0x1FF
ree_offset_correction_configuration_and_diagnostics:0x0
ree_vga_gain_configuration_and_diagnostics.:0x2F
ree_dac_control.:0x249F0006
CDN_PHY R_PCH_CDN_U1_POWER_STATE_DEFINITION:0x1BCF
Putting EHCI into D3 Hot State.
CommonUsbInit() - End
ConfigureUsb() End
PchInitRootPorts() Start
PCHS3: S3ParameterRootPortDownstream.RootPortBus = 0x0
PCHS3: S3ParameterRootPortDownstream.RootPortDevice = 0x1C
PCHS3: S3ParameterRootPortDownstream.RootPortFunc = 0x0
PCHS3: S3ParameterRootPortDownstream.TempBusNumberMin = 0x5
PCHS3: S3ParameterRootPortDownstream.TempBusNumberMax = 0x7
PCHS3: S3ParameterRootPortDownstream.RootPortBus = 0x0
PCHS3: S3ParameterRootPortDownstream.RootPortDevice = 0x1C
PCHS3: S3ParameterRootPortDownstream.RootPortFunc = 0x2
PCHS3: S3ParameterRootPortDownstream.TempBusNumberMin = 0x5
PCHS3: S3ParameterRootPortDownstream.TempBusNumberMax = 0x7
 Root Port 3 device enabled. RpEnableMask: 0xD
PCHS3: S3ParameterRootPortDownstream.RootPortBus = 0x0
PCHS3: S3ParameterRootPortDownstream.RootPortDevice = 0x1C
PCHS3: S3ParameterRootPortDownstream.RootPortFunc = 0x3
PCHS3: S3ParameterRootPortDownstream.TempBusNumberMin = 0x5
PCHS3: S3ParameterRootPortDownstream.TempBusNumberMax = 0x7
PchInitRootPorts() End
ConfigureSata() Start
ConfigureSata() End
ConfigureLpe() Start
LPE Allocate Audio Memory success at 0x20000000
Putting LPE Audio into D3 Hot State.
ConfigureLpe() End
ConfigureLpss() Start
Putting LPSS2 I2C 0 into D3 Hot State.
LpssPciMmBase:------------------E00C1000.
Putting LPSS2 I2C 1 into D3 Hot State.
Putting LPSS2 I2C 2 into D3 Hot State.
Putting LPSS2 I2C 3 into D3 Hot State.
Putting LPSS2 I2C 4 into D3 Hot State.
ConfigureLpss() End
ConfigureScc() Start
eMMC DLL Settings for BBAY.
ConfigureDLLSettingForEMMC45: eMMC DLL Settings for BayleyBay .
Putting SCC eMMC 4.41 into D3 Hot State.
Disable Transfer Suspend/Resume support for SOC B0 and later!
ConfigureSdCardCap: Overwride Capability Register
ConfigureSdCardCap: New Capability Reg = 0x80000000-76864B2
Enable 2ms_card_stable feature for B1 and later SOC!
ConfigureEMMC45: Overwride Capability Register
ConfigureEMMC45: set retume timer value 0x8
ConfigureEMMC45: New Capability Reg = 0x80000807-446CC801
Register the call back for eMMC singalling configuration.
ConfigureScc() End
ConfigureClockGating() Start
ConfigureClockGating() End
ConfigureIoApic() Start
ConfigureIoApic() End
ProgramSvidSid() Start
Writing SVID/SID for B0/D31/F3
Writing SVID/SID for B0/D31/F0
Writing SVID/SID for B0/D30/F5
Writing SVID/SID for B0/D30/F4
Writing SVID/SID for B0/D30/F3
Writing SVID/SID for B0/D30/F2
Writing SVID/SID for B0/D30/F1
Writing SVID/SID for B0/D30/F0
Writing SVID/SID for B0/D28/F3
Writing SVID/SID for B0/D28/F2
Writing SVID/SID for B0/D28/F0
Writing SVID/SID for B0/D27/F0
Writing SVID/SID for B0/D26/F0
Writing SVID/SID for B0/D2/F0
Writing SVID/SID for B0/D24/F7
Writing SVID/SID for B0/D24/F6
Writing SVID/SID for B0/D24/F0
Writing SVID/SID for B0/D23/F0
Writing SVID/SID for B0/D20/F0
Writing SVID/SID for B0/D19/F0
Writing SVID/SID for B0/D18/F0
Writing SVID/SID for B0/D17/F0
ProgramSvidSid() End
PchInitBeforeBoot() Start
PciERWORegInit() Start
PciERWORegInit() End
Endpoint Device 0 Capability ASPM: 3
Calculate Endpoint Device 0 Aspm Value: 2
Program Endpoint Device 0 Aspm Value: 2
LockPciDevCap() BusNumber = 0x0
LockPciDevCap() Bus = 0x0,Dev = 0x0,Func = 0x0
LockPciDevCap() PciEAddressBase = 0xE0000000
LockPciDevCap() StatusReg = 0x0
LockPciDevCap() Bus = 0x0,Dev = 0x2,Func = 0x0
LockPciDevCap() PciEAddressBase = 0xE0010000
LockPciDevCap() StatusReg = 0x10
LockPciDevCap() StatusReg = 0x10
LockPciDevCap() CapId = 0xD0
LockPciDevCap() While CAPBILITY = 0x9001
LockPciDevCap() While CapId = 0x90
LockPciDevCap() While CAPBILITY = 0xB005
LockPciDevCap() While CapId = 0xB0
LockPciDevCap() While CAPBILITY = 0x9
LockPciDevCap() While CapId = 0x0
LockPciDevCap() Bus = 0x0,Dev = 0x11,Func = 0x0
LockPciDevCap() PciEAddressBase = 0xE0088000
LockPciDevCap() StatusReg = 0x10
LockPciDevCap() StatusReg = 0x10
LockPciDevCap() CapId = 0x80
LockPciDevCap() While CAPBILITY = 0x1
LockPciDevCap() While CapId = 0x0
LockPciDevCap() Bus = 0x0,Dev = 0x12,Func = 0x0
LockPciDevCap() PciEAddressBase = 0xE0090000
LockPciDevCap() StatusReg = 0x10
LockPciDevCap() StatusReg = 0x10
LockPciDevCap() CapId = 0x80
LockPciDevCap() While CAPBILITY = 0x1
LockPciDevCap() While CapId = 0x0
LockPciDevCap() Bus = 0x0,Dev = 0x13,Func = 0x0
LockPciDevCap() PciEAddressBase = 0xE0098000
LockPciDevCap() StatusReg = 0x2B0
LockPciDevCap() StatusReg = 0x2B0
LockPciDevCap() CapId = 0x80
LockPciDevCap() While CAPBILITY = 0x7005
LockPciDevCap() While CapId = 0x70
LockPciDevCap() While CAPBILITY = 0xA801
LockPciDevCap() While CapId = 0xA8
LockPciDevCap() While CAPBILITY = 0x12
LockPciDevCap() While CapId = 0x0
LockPciDevCap() Bus = 0x0,Dev = 0x14,Func = 0x0
LockPciDevCap() PciEAddressBase = 0xE00A0000
LockPciDevCap() StatusReg = 0x290
LockPciDevCap() StatusReg = 0x290
LockPciDevCap() CapId = 0x70
LockPciDevCap() While CAPBILITY = 0x8001
LockPciDevCap() While CapId = 0x80
LockPciDevCap() While CAPBILITY = 0x5
LockPciDevCap() While CapId = 0x0
LockPciDevCap() Bus = 0x0,Dev = 0x17,Func = 0x0
LockPciDevCap() PciEAddressBase = 0xE00B8000
LockPciDevCap() StatusReg = 0x10
LockPciDevCap() StatusReg = 0x10
LockPciDevCap() CapId = 0x80
LockPciDevCap() While CAPBILITY = 0x1
LockPciDevCap() While CapId = 0x0
LockPciDevCap() Bus = 0x0,Dev = 0x18,Func = 0x0
LockPciDevCap() PciEAddressBase = 0xE00C0000
LockPciDevCap() StatusReg = 0x10
LockPciDevCap() StatusReg = 0x10
LockPciDevCap() CapId = 0x80
LockPciDevCap() While CAPBILITY = 0x1
LockPciDevCap() While CapId = 0x0
LockPciDevCap() Bus = 0x0,Dev = 0x18,Func = 0x6
LockPciDevCap() PciEAddressBase = 0xE00C6000
LockPciDevCap() StatusReg = 0x10
LockPciDevCap() StatusReg = 0x10
LockPciDevCap() CapId = 0x80
LockPciDevCap() While CAPBILITY = 0x1
LockPciDevCap() While CapId = 0x0
LockPciDevCap() Bus = 0x0,Dev = 0x1A,Func = 0x0
LockPciDevCap() PciEAddressBase = 0xE00D0000
LockPciDevCap() StatusReg = 0x10
LockPciDevCap() StatusReg = 0x10
LockPciDevCap() CapId = 0x80
LockPciDevCap() While CAPBILITY = 0xA001
LockPciDevCap() While CapId = 0xA0
LockPciDevCap() While CAPBILITY = 0x5
LockPciDevCap() While CapId = 0x0
LockPciDevCap() Bus = 0x0,Dev = 0x1B,Func = 0x0
LockPciDevCap() PciEAddressBase = 0xE00D8000
LockPciDevCap() StatusReg = 0x10
LockPciDevCap() StatusReg = 0x10
LockPciDevCap() CapId = 0x50
LockPciDevCap() While CAPBILITY = 0x6001
LockPciDevCap() While CapId = 0x60
LockPciDevCap() While CAPBILITY = 0x5
LockPciDevCap() While CapId = 0x0
LockPciDevCap() Bus = 0x0,Dev = 0x1C,Func = 0x0
LockPciDevCap() PciEAddressBase = 0xE00E0000
LockPciDevCap() StatusReg = 0x10
LockPciDevCap() StatusReg = 0x10
LockPciDevCap() CapId = 0x40
LockPciDevCap() While CAPBILITY = 0x8010
LockPciDevCap() While CapId = 0x80
LockPciDevCap() While CAPBILITY = 0x9005
LockPciDevCap() While CapId = 0x90
LockPciDevCap() While CAPBILITY = 0xA00D
LockPciDevCap() While CapId = 0xA0
LockPciDevCap() While CAPBILITY = 0x1
LockPciDevCap() While CapId = 0x0
LockPciDevCap() Bus = 0x0,Dev = 0x1C,Func = 0x2
LockPciDevCap() PciEAddressBase = 0xE00E2000
LockPciDevCap() StatusReg = 0x10
LockPciDevCap() StatusReg = 0x10
LockPciDevCap() CapId = 0x40
LockPciDevCap() While CAPBILITY = 0x8010
LockPciDevCap() While CapId = 0x80
LockPciDevCap() While CAPBILITY = 0x9005
LockPciDevCap() While CapId = 0x90
LockPciDevCap() While CAPBILITY = 0xA00D
LockPciDevCap() While CapId = 0xA0
LockPciDevCap() While CAPBILITY = 0x1
LockPciDevCap() While CapId = 0x0
LockPciDevCap() Bus = 0x0,Dev = 0x1C,Func = 0x3
LockPciDevCap() PciEAddressBase = 0xE00E3000
LockPciDevCap() StatusReg = 0x10
LockPciDevCap() StatusReg = 0x10
LockPciDevCap() CapId = 0x40
LockPciDevCap() While CAPBILITY = 0x8010
LockPciDevCap() While CapId = 0x80
LockPciDevCap() While CAPBILITY = 0x9005
LockPciDevCap() While CapId = 0x90
LockPciDevCap() While CAPBILITY = 0xA00D
LockPciDevCap() While CapId = 0xA0
LockPciDevCap() While CAPBILITY = 0x1
LockPciDevCap() While CapId = 0x0
LockPciDevCap() Bus = 0x0,Dev = 0x1E,Func = 0x0
LockPciDevCap() PciEAddressBase = 0xE00F0000
LockPciDevCap() StatusReg = 0x10
LockPciDevCap() StatusReg = 0x10
LockPciDevCap() CapId = 0x80
LockPciDevCap() While CAPBILITY = 0x1
LockPciDevCap() While CapId = 0x0
LockPciDevCap() Bus = 0x0,Dev = 0x1E,Func = 0x1
LockPciDevCap() PciEAddressBase = 0xE00F1000
LockPciDevCap() StatusReg = 0x10
LockPciDevCap() StatusReg = 0x10
LockPciDevCap() CapId = 0x80
LockPciDevCap() While CAPBILITY = 0x1
LockPciDevCap() While CapId = 0x0
LockPciDevCap() Bus = 0x0,Dev = 0x1E,Func = 0x2
LockPciDevCap() PciEAddressBase = 0xE00F2000
LockPciDevCap() StatusReg = 0x10
LockPciDevCap() StatusReg = 0x10
LockPciDevCap() CapId = 0x80
LockPciDevCap() While CAPBILITY = 0x1
LockPciDevCap() While CapId = 0x0
LockPciDevCap() Bus = 0x0,Dev = 0x1E,Func = 0x3
LockPciDevCap() PciEAddressBase = 0xE00F3000
LockPciDevCap() StatusReg = 0x10
LockPciDevCap() StatusReg = 0x10
LockPciDevCap() CapId = 0x80
LockPciDevCap() While CAPBILITY = 0x1
LockPciDevCap() While CapId = 0x0
LockPciDevCap() Bus = 0x0,Dev = 0x1E,Func = 0x4
LockPciDevCap() PciEAddressBase = 0xE00F4000
LockPciDevCap() StatusReg = 0x10
LockPciDevCap() StatusReg = 0x10
LockPciDevCap() CapId = 0x80
LockPciDevCap() While CAPBILITY = 0x1
LockPciDevCap() While CapId = 0x0
LockPciDevCap() Bus = 0x0,Dev = 0x1E,Func = 0x5
LockPciDevCap() PciEAddressBase = 0xE00F5000
LockPciDevCap() StatusReg = 0x10
LockPciDevCap() StatusReg = 0x10
LockPciDevCap() CapId = 0x80
LockPciDevCap() While CAPBILITY = 0x1
LockPciDevCap() While CapId = 0x0
PchInitBeforeBoot() End
InitializePchDevice() End
PchInitEntryPoint() End
Initializing Legacy Region
Initializing GT PowerManagement and other GT POST related
GraphicsDxeInit - 1
GraphicsDxeInit - 2
GraphicsDxeInit - 3
GraphicsDxeInit - 4
GraphicsDxeInit - 5
GraphicsDxeInit - 6
GraphicsDxeInit - 7
GraphicsDxeInit - 8
GraphicsDxeInit - 9
GraphicsDxeInit - a
Initializing PAVP
GraphicsDxeInit - b
Initializing GT PowerManagement
Polling allow-wake bit
Polling Render Force Wake Acknowledge Bit
Polling Media ForceWakeReq Acknowledge Bit
PcBase = 0x7FEFA000
GraphicsDxeInit - c
GraphicsDxeInit - d
GraphicsDxeInit - f
Initializing IGD OpRegion
System BIOS ID is Intel
S0ix not Supported!
HD Audio Support!
GlobalNvsArea->Area->BmBound = 0x80000000
SMRAM Map Buffer too small
SMRAM Map Buffer installed complet
SmmLockBoxSmmLib SmmLockBoxSmmConstructor - Enter
SmmLockBoxSmmLib SmmLockBoxContext - already installed
SmmLockBoxSmmLib SmmLockBoxSmmConstructor - Exit
InitializePchPcieSmm() Start
InitializePchPcieSmm() End
SmmLockBoxDxeLib SaveLockBox - Enter
SmmLockBoxDxeLib SaveLockBox - Exit (Success)
SmmLockBoxDxeLib SaveLockBox - Enter
SmmLockBoxDxeLib SaveLockBox - Exit (Success)
SmmLockBoxDxeLib SetLockBoxAttributes - Enter
SmmLockBoxDxeLib SetLockBoxAttributes - Exit (Success)
SmmLockBoxDxeLib SaveLockBox - Enter
SmmLockBoxDxeLib SaveLockBox - Exit (Success)
SmmLockBoxDxeLib SetLockBoxAttributes - Enter
SmmLockBoxDxeLib SetLockBoxAttributes - Exit (Success)
SmmLockBoxDxeLib SaveLockBox - Enter
SmmLockBoxDxeLib SaveLockBox - Exit (Success)
SmmLockBoxDxeLib SetLockBoxAttributes - Enter
SmmLockBoxDxeLib SetLockBoxAttributes - Exit (Success)
SmmLockBoxDxeLib SaveLockBox - Enter
SmmLockBoxDxeLib SaveLockBox - Exit (Success)
SmmLockBoxDxeLib SetLockBoxAttributes - Enter
SmmLockBoxDxeLib SetLockBoxAttributes - Exit (Success)
VBT data found
SataControllerStart() Start
SataControllerStart() End
Ip4Dxe t:\edk2020-minnowboard20210624_23\overrides\NetworkPkg\Ip4Dxe\Ip4Driver.c(582)Ip4DriverBindingStart()0000013571 INFO>Hello world
Ip4Dxe t:\edk2020-minnowboard20210624_23\overrides\NetworkPkg\Ip4Dxe\Ip4Driver.c(583)Ip4DriverBindingStart()0000014159 INFO>Hello world2
Welcome, to BDS phase...
Ip4Dxe t:\edk2020-minnowboard20210624_23\overrides\NetworkPkg\Ip4Dxe\Ip4Driver.c(585)Ip4DriverBindingStart()0000014178 INFO>Hello world3
Ip4Dxe t:\edk2020-minnowboard20210624_23\overrides\NetworkPkg\Ip4Dxe\Ip4Driver.c(598)Ip4DriverBindingStart()0000014196 INFO>Status == 0000000000000003, Unsupported
Ip4Dxe t:\edk2020-minnowboard20210624_23\overrides\NetworkPkg\Ip4Dxe\Ip4Driver.c(582)Ip4DriverBindingStart()0000014307 INFO>Hello world
Ip4Dxe t:\edk2020-minnowboard20210624_23\overrides\NetworkPkg\Ip4Dxe\Ip4Driver.c(583)Ip4DriverBindingStart()0000014324 INFO>Hello world2
Welcome, to BDS phase...
Ip4Dxe t:\edk2020-minnowboard20210624_23\overrides\NetworkPkg\Ip4Dxe\Ip4Driver.c(585)Ip4DriverBindingStart()0000014344 INFO>Hello world3
Ip4Dxe t:\edk2020-minnowboard20210624_23\overrides\NetworkPkg\Ip4Dxe\Ip4Driver.c(598)Ip4DriverBindingStart()0000014361 INFO>Status == 0000000000000000, Success
Press F7 for BootMenu!
**  WARNING: Test Key is used.  **
=============ISPBase=90C00000==============

PchInitAfterPciEnumeration - Callback.
ConfigureMiscAtBoot() Start
ConfigureMiscAtBoot() End
ConfigureLpeAtBoot() Start
ConfigureLpeAtBoot() End
ConfigureOtgAtBoot() Start
ConfigureOtgAtBoot() End
ConfigureLpssAtBoot() Start
RootBridgeHandle 7977B018 1
  8A 2B 1 0 0 0 1000 0 0 2000
  8A 2B 0 0 0 20 80000000 0 0 10900000
Update Device 0 11 0
Devices  8A 2B 0 0 0 20 90833000 FFF 0 1000
New Resource is 0 90900000
Devices  8A 2B 0 0 0 20 90832000 FFF 0 1000
New Resource is 1 90901000
Update Device 0 18 0
Devices  8A 2B 0 0 0 20 90818000 3FFF 0 4000
New Resource is 0 90904000
Devices  8A 2B 0 0 0 20 9082C000 FFF 0 1000
New Resource is 1 90902000
Update Device 0 18 6
Devices  8A 2B 0 0 0 20 9082B000 FFF 0 1000
New Resource is 0 90903000
Devices  8A 2B 0 0 0 20 9082A000 FFF 0 1000
New Resource is 1 90908000
Update Device 0 18 7
Devices  8A 2B 0 0 0 20 90829000 FFF 0 1000
New Resource is 0 90909000
Devices  8A 2B 0 0 0 20 90828000 FFF 0 1000
New Resource is 1 9090A000
Update Device 0 1E 0
Devices  8A 2B 0 0 0 20 90814000 3FFF 0 4000
New Resource is 0 9090C000
Devices  8A 2B 0 0 0 20 90827000 FFF 0 1000
New Resource is 1 9090B000
Update Device 0 1E 1
Devices  8A 2B 0 0 0 20 90826000 FFF 0 1000
New Resource is 0 90910000
Devices  8A 2B 0 0 0 20 90825000 FFF 0 1000
New Resource is 1 90911000
Update Device 0 1E 2
Devices  8A 2B 0 0 0 20 90824000 FFF 0 1000
New Resource is 0 90912000
Devices  8A 2B 0 0 0 20 90823000 FFF 0 1000
New Resource is 1 90913000
Update Device 0 1E 3
Devices  8A 2B 0 0 0 20 90822000 FFF 0 1000
New Resource is 0 90914000
Devices  8A 2B 0 0 0 20 90821000 FFF 0 1000
New Resource is 1 90915000
Update Device 0 1E 4
Devices  8A 2B 0 0 0 20 90820000 FFF 0 1000
New Resource is 0 90916000
Devices  8A 2B 0 0 0 20 9081F000 FFF 0 1000
New Resource is 1 90917000
Update Device 0 1E 5
Devices  8A 2B 0 0 0 20 9081E000 FFF 0 1000
New Resource is 0 90918000
Devices  8A 2B 0 0 0 20 9081D000 FFF 0 1000
New Resource is 1 90919000
Initialize CSRT Start
Initialize CSRT End,LpssDMA0Bar0=9090C000,LpssDMA1Bar0=0
gLpssDummyProtocolGuid
ConfigureLpssAtBoot() End
ConfigureSccAtBoot() Start
ConfigSccBootableDevicesAtBootForS3() Start
Update Device 0 12 0
Devices  8A 2B 0 0 0 20 90831000 FFF 0 1000
New Resource is 0 9091A000
Devices  8A 2B 0 0 0 20 90830000 FFF 0 1000
New Resource is 1 9091B000
Update Device 0 17 0
Devices  8A 2B 0 0 0 20 9082E000 FFF 0 1000
New Resource is 0 9091C000
Devices  8A 2B 0 0 0 20 9082D000 FFF 0 1000
New Resource is 1 9091D000
ConfigSccBootableDevicesAtBootForS3() End
ConfigureSccAtBoot() End
ConfigureIrqAtBoot() Start
SmmLockBoxSmmLib UpdateLockBox - Enter
SmmLockBoxSmmLib UpdateLockBox - Exit (Success)
SmmLockBoxSmmLib UpdateLockBox - Enter
SmmLockBoxSmmLib UpdateLockBox - Exit (Success)
SmmLockBoxSmmLib UpdateLockBox - Enter
SmmLockBoxSmmLib UpdateLockBox - Exit (Success)
SmmLockBoxSmmLib UpdateLockBox - Enter
SmmLockBoxSmmLib UpdateLockBox - Exit (Success)
SmmLockBoxSmmLib UpdateLockBox - Enter
SmmLockBoxSmmLib UpdateLockBox - Exit (Success)
SmmLockBoxSmmLib UpdateLockBox - Enter
SmmLockBoxSmmLib UpdateLockBox - Exit (Success)
SmmLockBoxSmmLib UpdateLockBox - Enter
SmmLockBoxSmmLib UpdateLockBox - Exit (Success)
SmmLockBoxSmmLib UpdateLockBox - Enter
SmmLockBoxSmmLib UpdateLockBox - Exit (Success)
SmmLockBoxSmmLib UpdateLockBox - Enter
SmmLockBoxSmmLib UpdateLockBox - Exit (Success)
SmmLockBoxSmmLib UpdateLockBox - Enter
SmmLockBoxSmmLib UpdateLockBox - Exit (Success)
SmmLockBoxSmmLib UpdateLockBox - Enter
SmmLockBoxSmmLib UpdateLockBox - Exit (Success)
SmmLockBoxSmmLib UpdateLockBox - Enter
SmmLockBoxSmmLib UpdateLockBox - Exit (Success)
SmmLockBoxSmmLib UpdateLockBox - Enter
SmmLockBoxSmmLib UpdateLockBox - Exit (Success)
SmmLockBoxSmmLib UpdateLockBox - Enter
SmmLockBoxSmmLib UpdateLockBox - Exit (Success)
SmmLockBoxSmmLib UpdateLockBox - Enter
SmmLockBoxSmmLib UpdateLockBox - Exit (Success)
SmmLockBoxSmmLib UpdateLockBox - Enter
SmmLockBoxSmmLib UpdateLockBox - Exit (Success)
UEFI Interactive Shell v2.2
EDK II
UEFI v2.70 (EDK II, 0x00010000)
Mapping table
      FS0: Alias(s):HD0a0:;BLK0:
          PciRoot(0x0)/Pci(0x14,0x0)/USB(0x0,0x0)
Press ESC in 5 seconds to skip startup.nsh or any other key to continue.Press ESC in 4 seconds to skip startup.nsh or any other key to continue.Press ESC in 3 seconds to skip startup.nsh or any other key to continue.Press ESC in 2 seconds to skip startup.nsh or any other key to continue.Press ESC in 1 seconds to skip startup.nsh or any other key to continue.
Shell> FS0:
FS0:\> CDEWELCOMEAPP.EFI


----------------
CDEWELCOMEAPP.EFI//t:\edk2020-minnowboard20210624_23\CdePkg\CdeWelcome\main.c(78): INTRODUCTION: "CDETRACE" macro. ->
 Parameters are typechecked at build time by compilers from GNU, MICROSOFT and others during 2015 to 2021 
Printing 256 bytes of initilaized memory in a "dump"-format:
0000: 00 01 02 03 04 05 06 07 - 08 09 0A 0B 0C 0D 0E 0F
0010: 10 11 12 13 14 15 16 17 - 18 19 1A 1B 1C 1D 1E 1F
0020: 20 21 22 23 24 25 26 27 - 28 29 2A 2B 2C 2D 2E 2F
0030: 30 31 32 33 34 35 36 37 - 38 39 3A 3B 3C 3D 3E 3F
0040: 40 41 42 43 44 45 46 47 - 48 49 4A 4B 4C 4D 4E 4F
0050: 50 51 52 53 54 55 56 57 - 58 59 5A 5B 5C 5D 5E 5F
0060: 60 61 62 63 64 65 66 67 - 68 69 6A 6B 6C 6D 6E 6F
0070: 70 71 72 73 74 75 76 77 - 78 79 7A 7B 7C 7D 7E 7F
0080: 80 81 82 83 84 85 86 87 - 88 89 8A 8B 8C 8D 8E 8F
0090: 90 91 92 93 94 95 96 97 - 98 99 9A 9B 9C 9D 9E 9F
00A0: A0 A1 A2 A3 A4 A5 A6 A7 - A8 A9 AA AB AC AD AE AF
00B0: B0 B1 B2 B3 B4 B5 B6 B7 - B8 B9 BA BB BC BD BE BF
00C0: C0 C1 C2 C3 C4 C5 C6 C7 - C8 C9 CA CB CC CD CE CF
00D0: D0 D1 D2 D3 D4 D5 D6 D7 - D8 D9 DA DB DC DD DE DF
00E0: E0 E1 E2 E3 E4 E5 E6 E7 - E8 E9 EA EB EC ED EE EF
00F0: F0 F1 F2 F3 F4 F5 F6 F7 - F8 F9 FA FB FC FD FE FF
3s...      2s...      1s...      0s...                 
FS0:\> 