
>>>>SecStartup


----------------
(null)//t:\edk2020-minnowboard20210624_23\CdePkg\CdeWelcome\main.c(78): INTRODUCTION: "CDETRACE" macro. ->
 Parameters are typechecked at build time by compilers from GNU, MICROSOFT and others during 2015 to 2021 
Printing 256 bytes of initilaized memory in a "dump"-format:
0000: 00 01 02 03 04 05 06 07 - 08 09 0A 0B 0C 0D 0E 0F
0010: 10 11 12 13 14 15 16 17 - 18 19 1A 1B 1C 1D 1E 1F
0020: 20 21 22 23 24 25 26 27 - 28 29 2A 2B 2C 2D 2E 2F
0030: 30 31 32 33 34 35 36 37 - 38 39 3A 3B 3C 3D 3E 3F
0040: 40 41 42 43 44 45 46 47 - 48 49 4A 4B 4C 4D 4E 4F
0050: 50 51 52 53 54 55 56 57 - 58 59 5A 5B 5C 5D 5E 5F
0060: 60 61 62 63 64 65 66 67 - 68 69 6A 6B 6C 6D 6E 6F
0070: 70 71 72 73 74 75 76 77 - 78 79 7A 7B 7C 7D 7E 7F
0080: 80 81 82 83 84 85 86 87 - 88 89 8A 8B 8C 8D 8E 8F
0090: 90 91 92 93 94 95 96 97 - 98 99 9A 9B 9C 9D 9E 9F
00A0: A0 A1 A2 A3 A4 A5 A6 A7 - A8 A9 AA AB AC AD AE AF
00B0: B0 B1 B2 B3 B4 B5 B6 B7 - B8 B9 BA BB BC BD BE BF
00C0: C0 C1 C2 C3 C4 C5 C6 C7 - C8 C9 CA CB CC CD CE CF
00D0: D0 D1 D2 D3 D4 D5 D6 D7 - D8 D9 DA DB DC DD DE DF
00E0: E0 E1 E2 E3 E4 E5 E6 E7 - E8 E9 EA EB EC ED EE EF
00F0: F0 F1 F2 F3 F4 F5 F6 F7 - F8 F9 FA FB FC FD FE FF
3s...      2s...      1s...      0s...                 
>>>>MemoryInit Done


----------------
cdeWelcomePei//t:\edk2020-minnowboard20210624_23\CdePkg\CdeWelcome\main.c(78): INTRODUCTION: "CDETRACE" macro. ->
 Parameters are typechecked at build time by compilers from GNU, MICROSOFT and others during 2015 to 2021 
Printing 256 bytes of initilaized memory in a "dump"-format:
0000: 00 01 02 03 04 05 06 07 - 08 09 0A 0B 0C 0D 0E 0F
0010: 10 11 12 13 14 15 16 17 - 18 19 1A 1B 1C 1D 1E 1F
0020: 20 21 22 23 24 25 26 27 - 28 29 2A 2B 2C 2D 2E 2F
0030: 30 31 32 33 34 35 36 37 - 38 39 3A 3B 3C 3D 3E 3F
0040: 40 41 42 43 44 45 46 47 - 48 49 4A 4B 4C 4D 4E 4F
0050: 50 51 52 53 54 55 56 57 - 58 59 5A 5B 5C 5D 5E 5F
0060: 60 61 62 63 64 65 66 67 - 68 69 6A 6B 6C 6D 6E 6F
0070: 70 71 72 73 74 75 76 77 - 78 79 7A 7B 7C 7D 7E 7F
0080: 80 81 82 83 84 85 86 87 - 88 89 8A 8B 8C 8D 8E 8F
0090: 90 91 92 93 94 95 96 97 - 98 99 9A 9B 9C 9D 9E 9F
00A0: A0 A1 A2 A3 A4 A5 A6 A7 - A8 A9 AA AB AC AD AE AF
00B0: B0 B1 B2 B3 B4 B5 B6 B7 - B8 B9 BA BB BC BD BE BF
00C0: C0 C1 C2 C3 C4 C5 C6 C7 - C8 C9 CA CB CC CD CE CF
00D0: D0 D1 D2 D3 D4 D5 D6 D7 - D8 D9 DA DB DC DD DE DF
00E0: E0 E1 E2 E3 E4 E5 E6 E7 - E8 E9 EA EB EC ED EE EF
00F0: F0 F1 F2 F3 F4 F5 F6 F7 - F8 F9 FA FB FC FD FE FF
3s...      2s...      1s...      0s...                 
CpuIoPei t:\edk2020-minnowboard20210624_23\overrides\UefiCpuPkg\CpuIoPei\CpuIoPei.c(921)main()0000010565 INFO>WELCOME TO THE JUNGLE
CpuIoPei t:\edk2020-minnowboard20210624_23\overrides\UefiCpuPkg\CpuIoPei\CpuIoPei.c(891)CpuIoInitialize()0000010581 DEBUG_INFO>welcome to the jungle from CpuIoPei
CpuIoPei t:\edk2020-minnowboard20210624_23\overrides\UefiCpuPkg\CpuIoPei\CpuIoPei.c(921)main()0000010601 INFO>WELCOME TO THE JUNGLE
CpuIoPei t:\edk2020-minnowboard20210624_23\overrides\UefiCpuPkg\CpuIoPei\CpuIoPei.c(891)CpuIoInitialize()0000010617 DEBUG_INFO>welcome to the jungle from CpuIoPei
CpuIoPei t:\edk2020-minnowboard20210624_23\overrides\UefiCpuPkg\CpuIoPei\CpuIoPei.c(907)CpuIoInitialize()0000010637 DEBUG_INFO>CpuIO PPI has been loaded into memory.  Reinstalled PPI=0x7a60e090


----------------
cdeWelcomeDxe//t:\edk2020-minnowboard20210624_23\CdePkg\CdeWelcome\main.c(78): INTRODUCTION: "CDETRACE" macro. ->
 Parameters are typechecked at build time by compilers from GNU, MICROSOFT and others during 2015 to 2021 
Printing 256 bytes of initilaized memory in a "dump"-format:
0000: 00 01 02 03 04 05 06 07 - 08 09 0A 0B 0C 0D 0E 0F
0010: 10 11 12 13 14 15 16 17 - 18 19 1A 1B 1C 1D 1E 1F
0020: 20 21 22 23 24 25 26 27 - 28 29 2A 2B 2C 2D 2E 2F
0030: 30 31 32 33 34 35 36 37 - 38 39 3A 3B 3C 3D 3E 3F
0040: 40 41 42 43 44 45 46 47 - 48 49 4A 4B 4C 4D 4E 4F
0050: 50 51 52 53 54 55 56 57 - 58 59 5A 5B 5C 5D 5E 5F
0060: 60 61 62 63 64 65 66 67 - 68 69 6A 6B 6C 6D 6E 6F
0070: 70 71 72 73 74 75 76 77 - 78 79 7A 7B 7C 7D 7E 7F
0080: 80 81 82 83 84 85 86 87 - 88 89 8A 8B 8C 8D 8E 8F
0090: 90 91 92 93 94 95 96 97 - 98 99 9A 9B 9C 9D 9E 9F
00A0: A0 A1 A2 A3 A4 A5 A6 A7 - A8 A9 AA AB AC AD AE AF
00B0: B0 B1 B2 B3 B4 B5 B6 B7 - B8 B9 BA BB BC BD BE BF
00C0: C0 C1 C2 C3 C4 C5 C6 C7 - C8 C9 CA CB CC CD CE CF
00D0: D0 D1 D2 D3 D4 D5 D6 D7 - D8 D9 DA DB DC DD DE DF
00E0: E0 E1 E2 E3 E4 E5 E6 E7 - E8 E9 EA EB EC ED EE EF
00F0: F0 F1 F2 F3 F4 F5 F6 F7 - F8 F9 FA FB FC FD FE FF
3s...      2s...      1s...      0s...                 


----------------
cdeWelcomeSmm//t:\edk2020-minnowboard20210624_23\CdePkg\CdeWelcome\main.c(78): INTRODUCTION: "CDETRACE" macro. ->
 Parameters are typechecked at build time by compilers from GNU, MICROSOFT and others during 2015 to 2021 
Printing 256 bytes of initilaized memory in a "dump"-format:
0000: 00 01 02 03 04 05 06 07 - 08 09 0A 0B 0C 0D 0E 0F
0010: 10 11 12 13 14 15 16 17 - 18 19 1A 1B 1C 1D 1E 1F
0020: 20 21 22 23 24 25 26 27 - 28 29 2A 2B 2C 2D 2E 2F
0030: 30 31 32 33 34 35 36 37 - 38 39 3A 3B 3C 3D 3E 3F
0040: 40 41 42 43 44 45 46 47 - 48 49 4A 4B 4C 4D 4E 4F
0050: 50 51 52 53 54 55 56 57 - 58 59 5A 5B 5C 5D 5E 5F
0060: 60 61 62 63 64 65 66 67 - 68 69 6A 6B 6C 6D 6E 6F
0070: 70 71 72 73 74 75 76 77 - 78 79 7A 7B 7C 7D 7E 7F
0080: 80 81 82 83 84 85 86 87 - 88 89 8A 8B 8C 8D 8E 8F
0090: 90 91 92 93 94 95 96 97 - 98 99 9A 9B 9C 9D 9E 9F
00A0: A0 A1 A2 A3 A4 A5 A6 A7 - A8 A9 AA AB AC AD AE AF
00B0: B0 B1 B2 B3 B4 B5 B6 B7 - B8 B9 BA BB BC BD BE BF
00C0: C0 C1 C2 C3 C4 C5 C6 C7 - C8 C9 CA CB CC CD CE CF
00D0: D0 D1 D2 D3 D4 D5 D6 D7 - D8 D9 DA DB DC DD DE DF
00E0: E0 E1 E2 E3 E4 E5 E6 E7 - E8 E9 EA EB EC ED EE EF
00F0: F0 F1 F2 F3 F4 F5 F6 F7 - F8 F9 FA FB FC FD FE FF
3s...      2s...      1s...      0s...                 
Ip4Dxe t:\edk2020-minnowboard20210624_23\overrides\NetworkPkg\Ip4Dxe\Ip4Driver.c(96)main()0000008854 INFO>##################################################################
Ip4Dxe t:\edk2020-minnowboard20210624_23\overrides\NetworkPkg\Ip4Dxe\Ip4Driver.c(97)main()0000008881 INFO>########################## Welcome to the CdePkg Library for UEFI POST drivers
Ip4Dxe t:\edk2020-minnowboard20210624_23\overrides\NetworkPkg\Ip4Dxe\Ip4Driver.c(98)main()0000008910 INFO>##################################################################
Ip4Dxe t:\edk2020-minnowboard20210624_23\overrides\NetworkPkg\Ip4Dxe\Ip4Driver.c(99)main()0000008936 DEBUG_INFO>$$$$$$$$$$$$$$$$$$$$$$$$$$$$$$$$$$$$$$$$$$$$$$$$$$$$$$$$$$$$$$$$$$
Ip4Dxe t:\edk2020-minnowboard20210624_23\overrides\NetworkPkg\Ip4Dxe\Ip4Driver.c(100)main()0000008964 DEBUG_WARN>$$$$$$$$$$$$$$$$$$$$$$$$$$ Welcome from the TIANOCORE DEBUG MACRO 
Ip4Dxe t:\edk2020-minnowboard20210624_23\overrides\NetworkPkg\Ip4Dxe\Ip4Driver.c(101)main()0000008992 DEBUG_ERROR>$$$$$$$$$$$$$$$$$$$$$$$$$$$$$$$$$$$$$$$$$$$$$$$$$$$$$$$$$$$$$$$$$$
Ip4Dxe t:\edk2020-minnowboard20210624_23\overrides\NetworkPkg\Ip4Dxe\Ip4Driver.c(582)Ip4DriverBindingStart()0000009207 INFO>Hello world
Ip4Dxe t:\edk2020-minnowboard20210624_23\overrides\NetworkPkg\Ip4Dxe\Ip4Driver.c(583)Ip4DriverBindingStart()0000009802 INFO>Hello world2
Welcome, to BDS phase...
Ip4Dxe t:\edk2020-minnowboard20210624_23\overrides\NetworkPkg\Ip4Dxe\Ip4Driver.c(585)Ip4DriverBindingStart()0000009827 INFO>Hello world3
Ip4Dxe t:\edk2020-minnowboard20210624_23\overrides\NetworkPkg\Ip4Dxe\Ip4Driver.c(598)Ip4DriverBindingStart()0000009850 INFO>Status == 0000000000000003, Unsupported
Ip4Dxe t:\edk2020-minnowboard20210624_23\overrides\NetworkPkg\Ip4Dxe\Ip4Driver.c(582)Ip4DriverBindingStart()0000009994 INFO>Hello world
Ip4Dxe t:\edk2020-minnowboard20210624_23\overrides\NetworkPkg\Ip4Dxe\Ip4Driver.c(583)Ip4DriverBindingStart()0000010017 INFO>Hello world2
Welcome, to BDS phase...
Ip4Dxe t:\edk2020-minnowboard20210624_23\overrides\NetworkPkg\Ip4Dxe\Ip4Driver.c(585)Ip4DriverBindingStart()0000010042 INFO>Hello world3
Ip4Dxe t:\edk2020-minnowboard20210624_23\overrides\NetworkPkg\Ip4Dxe\Ip4Driver.c(598)Ip4DriverBindingStart()0000010065 INFO>Status == 0000000000000000, Success
Press F7 for BootMenu!
**  WARNING: Test Key is used.  **
UEFI Interactive Shell v2.2
EDK II
UEFI v2.70 (EDK II, 0x00010000)
Mapping table
      FS0: Alias(s):HD0a0:;BLK0:
          PciRoot(0x0)/Pci(0x14,0x0)/USB(0x0,0x0)
Press ESC in 5 seconds to skip startup.nsh or any other key to continue.Press ESC in 4 seconds to skip startup.nsh or any other key to continue.Press ESC in 3 seconds to skip startup.nsh or any other key to continue.Press ESC in 2 seconds to skip startup.nsh or any other key to continue.Press ESC in 1 seconds to skip startup.nsh or any other key to continue.
Shell> FS0:
FS0:\> CDEWELCOMEAPP.EFI


----------------
CDEWELCOMEAPP.EFI//t:\edk2020-minnowboard20210624_23\CdePkg\CdeWelcome\main.c(78): INTRODUCTION: "CDETRACE" macro. ->
 Parameters are typechecked at build time by compilers from GNU, MICROSOFT and others during 2015 to 2021 
Printing 256 bytes of initilaized memory in a "dump"-format:
0000: 00 01 02 03 04 05 06 07 - 08 09 0A 0B 0C 0D 0E 0F
0010: 10 11 12 13 14 15 16 17 - 18 19 1A 1B 1C 1D 1E 1F
0020: 20 21 22 23 24 25 26 27 - 28 29 2A 2B 2C 2D 2E 2F
0030: 30 31 32 33 34 35 36 37 - 38 39 3A 3B 3C 3D 3E 3F
0040: 40 41 42 43 44 45 46 47 - 48 49 4A 4B 4C 4D 4E 4F
0050: 50 51 52 53 54 55 56 57 - 58 59 5A 5B 5C 5D 5E 5F
0060: 60 61 62 63 64 65 66 67 - 68 69 6A 6B 6C 6D 6E 6F
0070: 70 71 72 73 74 75 76 77 - 78 79 7A 7B 7C 7D 7E 7F
0080: 80 81 82 83 84 85 86 87 - 88 89 8A 8B 8C 8D 8E 8F
0090: 90 91 92 93 94 95 96 97 - 98 99 9A 9B 9C 9D 9E 9F
00A0: A0 A1 A2 A3 A4 A5 A6 A7 - A8 A9 AA AB AC AD AE AF
00B0: B0 B1 B2 B3 B4 B5 B6 B7 - B8 B9 BA BB BC BD BE BF
00C0: C0 C1 C2 C3 C4 C5 C6 C7 - C8 C9 CA CB CC CD CE CF
00D0: D0 D1 D2 D3 D4 D5 D6 D7 - D8 D9 DA DB DC DD DE DF
00E0: E0 E1 E2 E3 E4 E5 E6 E7 - E8 E9 EA EB EC ED EE EF
00F0: F0 F1 F2 F3 F4 F5 F6 F7 - F8 F9 FA FB FC FD FE FF
3s...      2s...      1s...      0s...                 
FS0:\> 